#
# A fatal error has been detected by the Java Runtime Environment:
#
#  EXCEPTION_ACCESS_VIOLATION (0xc0000005) at pc=0x00007ffaa60c653f, pid=12952, tid=15104
#
# JRE version: OpenJDK Runtime Environment (11.0.2+9) (build 11.0.2+9)
# Java VM: OpenJDK 64-Bit Server VM (11.0.2+9, mixed mode, tiered, compressed oops, g1 gc, windows-amd64)
# Problematic frame:
# V  [jvm.dll+0x36653f]
#
# No core dump will be written. Minidumps are not enabled by default on client versions of Windows
#
# If you would like to submit a bug report, please visit:
#   http://bugreport.java.com/bugreport/crash.jsp
#

---------------  S U M M A R Y ------------

Command Line: -Djavafx.embed.singleThread=true 

Host: Intel(R) Core(TM) i7-3770 CPU @ 3.40GHz, 8 cores, 7G,  Windows 10 , 64 bit Build 17763 (10.0.17763.475)
Time: Thu Nov 21 07:49:08 2019 Pacific Standard Time elapsed time: 2952 seconds (0d 0h 49m 12s)

---------------  T H R E A D  ---------------

Current thread (0x000000002a941000):  GCTaskThread "GC Thread#3" [stack: 0x000000002e9c0000,0x000000002ebc0000] [id=15104]

Stack: [0x000000002e9c0000,0x000000002ebc0000],  sp=0x000000002ebbf6a0,  free space=2045k
Native frames: (J=compiled Java code, j=interpreted, Vv=VM code, C=native code)
V  [jvm.dll+0x36653f]
V  [jvm.dll+0x31da35]
V  [jvm.dll+0x32355e]
V  [jvm.dll+0x323bde]
V  [jvm.dll+0x2c79c0]
V  [jvm.dll+0x2c78e1]
V  [jvm.dll+0x2f294b]
V  [jvm.dll+0x324766]
V  [jvm.dll+0x2f5056]
V  [jvm.dll+0x7a4000]
V  [jvm.dll+0x633942]
C  [ucrtbase.dll+0x21ffa]
C  [KERNEL32.DLL+0x17974]
C  [ntdll.dll+0x6a271]


siginfo: EXCEPTION_ACCESS_VIOLATION (0xc0000005), reading address 0x0000000000000030


Register to memory mapping:

RIP=0x00007ffaa60c653f jvm.dll
RAX=0x0 is NULL
RBX=0x000000000000003e is an unknown value
RCX=0x00000000008a2960 points into unknown readable memory: b0 a8 31 03 00 00 00 00
RDX=0x00000000821713e4 is pointing into object: java.util.ArrayList 
{0x00000000821713d0} - klass: 'java/util/ArrayList'
RSP=0x000000002ebbf6a0 points into unknown readable memory: 3e 00 00 00 00 00 00 00
RBP=0x000000002ebbf978 points into unknown readable memory: c0 fc 5d a6 fa 7f 00 00
RSI=0x00000000821713d0 is an oop: java.util.ArrayList 
{0x00000000821713d0} - klass: 'java/util/ArrayList'
RDI=0x00000000821713e4 is pointing into object: java.util.ArrayList 
{0x00000000821713d0} - klass: 'java/util/ArrayList'
R8 =0x0000000000000006 is an unknown value
R9 =0x000000000331a8b0 points into unknown readable memory: 40 93 5d a6 fa 7f 00 00
R10=0x00000000033881f0 points into unknown readable memory: e0 6c 5e a6 fa 7f 00 00
R11=0x000000000331a8b0 points into unknown readable memory: 40 93 5d a6 fa 7f 00 00
R12=0x0000000100034e50 is a pointer to class: 
java.lang.Enum {0x0000000100034e58}
R13=0x00000000821713d0 is an oop: java.util.ArrayList 
{0x00000000821713d0} - klass: 'java/util/ArrayList'
R14=0x00000000821713e8 is an oop: com.sun.javafx.geom.RectBounds 
{0x00000000821713e8} - klass: 'com/sun/javafx/geom/RectBounds'
R15=0x00000000008a2960 points into unknown readable memory: b0 a8 31 03 00 00 00 00


Registers:
RAX=0x0000000000000000, RBX=0x000000000000003e, RCX=0x00000000008a2960, RDX=0x00000000821713e4
RSP=0x000000002ebbf6a0, RBP=0x000000002ebbf978, RSI=0x00000000821713d0, RDI=0x00000000821713e4
R8 =0x0000000000000006, R9 =0x000000000331a8b0, R10=0x00000000033881f0, R11=0x000000000331a8b0
R12=0x0000000100034e50, R13=0x00000000821713d0, R14=0x00000000821713e8, R15=0x00000000008a2960
RIP=0x00007ffaa60c653f, EFLAGS=0x0000000000010206

Top of Stack: (sp=0x000000002ebbf6a0)
0x000000002ebbf6a0:   000000000000003e 00000000324cf030
0x000000002ebbf6b0:   000000000000000e 00007ffaa60c6897
0x000000002ebbf6c0:   00000000821712d8 00000000821712c0
0x000000002ebbf6d0:   00000000821712c0 0000000000020000
0x000000002ebbf6e0:   0000000100034e48 0000000100034e50
0x000000002ebbf6f0:   00000000821713e4 00007ffaa607da35
0x000000002ebbf700:   0000000000000003 00000000821712f8
0x000000002ebbf710:   0000000000000015 00007ffaa60c36cb
0x000000002ebbf720:   0000000082171400 00007ffaa5d60000
0x000000002ebbf730:   000000002ebbf7f0 000000002ebbf900
0x000000002ebbf740:   00000000821713d0 00007ffaa608355e
0x000000002ebbf750:   00000000821713d0 000000000339bac0
0x000000002ebbf760:   00000000821713e8 00007ffaa5d60000
0x000000002ebbf770:   000000002adc50f0 00007ffaa60761b9
0x000000002ebbf780:   000000008217ba00 0000000000000040
0x000000002ebbf790:   0000000000000015 000000002ebbf950 

Instructions: (pc=0x00007ffaa60c653f)
0x00007ffaa60c651f:   70 48 8b c7 48 83 c4 20 5f c3 cc cc cc cc cc cc
0x00007ffaa60c652f:   cc 40 57 41 54 41 57 48 83 ec 40 4c 8b f9 45 8b
0x00007ffaa60c653f:   c0 48 8b ca 4c 8b e2 48 c1 e9 09 49 8b 47 10 8b
0x00007ffaa60c654f:   b8 00 01 00 00 48 8b 05 65 d1 6e 00 48 8b 04 f8 


Stack slot to memory mapping:
stack at sp + 0 slots: 0x000000000000003e is an unknown value
stack at sp + 1 slots: 0x00000000324cf030 points into unknown readable memory: c0 ba 39 03 00 00 00 00
stack at sp + 2 slots: 0x000000000000000e is an unknown value
stack at sp + 3 slots: 0x00007ffaa60c6897 jvm.dll
stack at sp + 4 slots: 0x00000000821712d8 is an oop: com.sun.javafx.collections.ListListenerHelper$SingleChange 
{0x00000000821712d8} - klass: 'com/sun/javafx/collections/ListListenerHelper$SingleChange'
stack at sp + 5 slots: 0x00000000821712c0 is an oop: java.util.ArrayList 
{0x00000000821712c0} - klass: 'java/util/ArrayList'
stack at sp + 6 slots: 0x00000000821712c0 is an oop: java.util.ArrayList 
{0x00000000821712c0} - klass: 'java/util/ArrayList'
stack at sp + 7 slots: 0x0000000000020000 points into unknown readable memory: 08 00 00 00 00 00 00 00


---------------  P R O C E S S  ---------------

Threads class SMR info:
_java_thread_list=0x000000002adf79b0, length=38, elements={
0x000000000330e800, 0x000000002245b000, 0x000000002309a800, 0x0000000022484800,
0x0000000022486000, 0x0000000022487000, 0x00000000230ad000, 0x00000000230ae000,
0x0000000023253000, 0x000000002325a800, 0x0000000024c55000, 0x0000000024df6800,
0x0000000024e16000, 0x0000000024e50000, 0x0000000024eb0000, 0x000000002a8c8000,
0x000000002a6a9000, 0x000000002a6aa000, 0x0000000025215800, 0x0000000031735000,
0x0000000031731800, 0x0000000031735800, 0x000000002ab44000, 0x000000002ab4e000,
0x000000002ab48000, 0x000000002ab4d000, 0x000000002ab4f000, 0x000000002ab4a000,
0x000000002ab4f800, 0x000000002ab50800, 0x000000002ab51000, 0x000000002ab43800,
0x000000002ab47800, 0x000000002ab42800, 0x000000002ab49000, 0x000000002ab4a800,
0x000000002ab45000, 0x000000002ab4b800
}

Java Threads: ( => current thread )
  0x000000000330e800 JavaThread "main" [_thread_blocked, id=5544, stack(0x00000000004e0000,0x00000000006e0000)]
  0x000000002245b000 JavaThread "Reference Handler" daemon [_thread_blocked, id=11888, stack(0x0000000023690000,0x0000000023890000)]
  0x000000002309a800 JavaThread "Finalizer" daemon [_thread_blocked, id=14560, stack(0x0000000023890000,0x0000000023a90000)]
  0x0000000022484800 JavaThread "Signal Dispatcher" daemon [_thread_blocked, id=8924, stack(0x0000000023b90000,0x0000000023d90000)]
  0x0000000022486000 JavaThread "Attach Listener" daemon [_thread_blocked, id=14760, stack(0x0000000023d90000,0x0000000023f90000)]
  0x0000000022487000 JavaThread "C2 CompilerThread0" daemon [_thread_blocked, id=13732, stack(0x0000000023f90000,0x0000000024190000)]
  0x00000000230ad000 JavaThread "C1 CompilerThread0" daemon [_thread_blocked, id=13300, stack(0x0000000024190000,0x0000000024390000)]
  0x00000000230ae000 JavaThread "Sweeper thread" daemon [_thread_blocked, id=8420, stack(0x0000000024390000,0x0000000024590000)]
  0x0000000023253000 JavaThread "Service Thread" daemon [_thread_blocked, id=14488, stack(0x0000000024590000,0x0000000024790000)]
  0x000000002325a800 JavaThread "Common-Cleaner" daemon [_thread_blocked, id=14888, stack(0x0000000024990000,0x0000000024b90000)]
  0x0000000024c55000 JavaThread "JavaFX-Launcher" [_thread_blocked, id=13056, stack(0x0000000025390000,0x0000000025590000)]
  0x0000000024df6800 JavaThread "QuantumRenderer-0" daemon [_thread_blocked, id=8412, stack(0x00000000257e0000,0x00000000259e0000)]
  0x0000000024e16000 JavaThread "InvokeLaterDispatcher" daemon [_thread_blocked, id=10444, stack(0x0000000025e10000,0x0000000026010000)]
  0x0000000024e50000 JavaThread "JavaFX Application Thread" [_thread_blocked, id=14376, stack(0x0000000026010000,0x0000000026210000)]
  0x0000000024eb0000 JavaThread "Thread-2" daemon [_thread_blocked, id=12152, stack(0x000000002d5c0000,0x000000002d7c0000)]
  0x000000002a8c8000 JavaThread "Java2D Disposer" daemon [_thread_blocked, id=13128, stack(0x000000002d9c0000,0x000000002dbc0000)]
  0x000000002a6a9000 JavaThread "AWT-Shutdown" [_thread_blocked, id=13588, stack(0x000000002dbc0000,0x000000002ddc0000)]
  0x000000002a6aa000 JavaThread "AWT-Windows" daemon [_thread_in_native, id=10336, stack(0x000000002ddc0000,0x000000002dfc0000)]
  0x0000000025215800 JavaThread "Thread-3" [_thread_blocked, id=8400, stack(0x000000002dfc0000,0x000000002e1c0000)]
  0x0000000031735000 JavaThread "AWT-EventQueue-0" [_thread_blocked, id=6776, stack(0x0000000033530000,0x0000000033730000)]
  0x0000000031731800 JavaThread "TimerQueue" daemon [_thread_blocked, id=15076, stack(0x0000000036eb0000,0x00000000370b0000)]
  0x0000000031735800 JavaThread "Prism Font Disposer" daemon [_thread_blocked, id=6180, stack(0x0000000038ab0000,0x0000000038cb0000)]
  0x000000002ab44000 JavaThread "Cleaner-0" daemon [_thread_blocked, id=13868, stack(0x0000000059a80000,0x0000000059c80000)]
  0x000000002ab4e000 JavaThread "SwingNode Disposer" daemon [_thread_blocked, id=9944, stack(0x0000000059c80000,0x0000000059e80000)]
  0x000000002ab48000 JavaThread "Disposer" daemon [_thread_blocked, id=12460, stack(0x000000005ca80000,0x000000005cc80000)]
  0x000000002ab4d000 JavaThread "JDI Internal Event Handler" daemon [_thread_blocked, id=14884, stack(0x0000000065880000,0x0000000065a80000)]
  0x000000002ab4f000 JavaThread "JDI Target VM Interface" daemon [_thread_in_native, id=14808, stack(0x0000000065a80000,0x0000000065c80000)]
  0x000000002ab4a000 JavaThread "BlueJ I/O Handler" [_thread_in_native, id=15124, stack(0x0000000065c80000,0x0000000065e80000)]
  0x000000002ab4f800 JavaThread "BlueJ I/O Handler" [_thread_in_native, id=15284, stack(0x0000000065e80000,0x0000000066080000)]
  0x000000002ab50800 JavaThread "BlueJ I/O Handler" [_thread_blocked, id=7776, stack(0x0000000066080000,0x0000000066280000)]
  0x000000002ab51000 JavaThread "vm-event-handler" [_thread_blocked, id=13992, stack(0x0000000066280000,0x0000000066480000)]
  0x000000002ab43800 JavaThread "BlueJ compiler thread" [_thread_blocked, id=2496, stack(0x000000004cf80000,0x000000004d180000)]
  0x000000002ab47800 JavaThread "JDI Internal Event Handler" daemon [_thread_blocked, id=2404, stack(0x000000007dbc0000,0x000000007ddc0000)]
  0x000000002ab42800 JavaThread "JDI Target VM Interface" daemon [_thread_in_native, id=10440, stack(0x000000007ddc0000,0x000000007dfc0000)]
  0x000000002ab49000 JavaThread "BlueJ I/O Handler" [_thread_in_native, id=9048, stack(0x000000007dfc0000,0x000000007e1c0000)]
  0x000000002ab4a800 JavaThread "BlueJ I/O Handler" [_thread_in_native, id=9856, stack(0x000000007e1c0000,0x000000007e3c0000)]
  0x000000002ab45000 JavaThread "BlueJ I/O Handler" [_thread_blocked, id=9320, stack(0x000000007e3c0000,0x000000007e5c0000)]
  0x000000002ab4b800 JavaThread "vm-event-handler" [_thread_blocked, id=2940, stack(0x000000007e5c0000,0x000000007e7c0000)]

Other Threads:
  0x0000000022456000 VMThread "VM Thread" [stack: 0x0000000023490000,0x0000000023690000] [id=7100]
  0x0000000023256000 WatcherThread [stack: 0x0000000024790000,0x0000000024990000] [id=14484]
  0x0000000003323800 GCTaskThread "GC Thread#0" [stack: 0x0000000002bc0000,0x0000000002dc0000] [id=14580]
  0x000000002a92b000 GCTaskThread "GC Thread#1" [stack: 0x000000002e5c0000,0x000000002e7c0000] [id=15120]
  0x000000002a940800 GCTaskThread "GC Thread#2" [stack: 0x000000002e7c0000,0x000000002e9c0000] [id=3168]
=>0x000000002a941000 GCTaskThread "GC Thread#3" [stack: 0x000000002e9c0000,0x000000002ebc0000] [id=15104]
  0x000000002a91e800 GCTaskThread "GC Thread#4" [stack: 0x000000002ebc0000,0x000000002edc0000] [id=14996]
  0x000000002a91f000 GCTaskThread "GC Thread#5" [stack: 0x000000002edc0000,0x000000002efc0000] [id=15116]
  0x000000002a91f800 GCTaskThread "GC Thread#6" [stack: 0x000000002efc0000,0x000000002f1c0000] [id=9328]
  0x000000002a7c0800 GCTaskThread "GC Thread#7" [stack: 0x000000002f1c0000,0x000000002f3c0000] [id=13152]
  0x000000000335a000 ConcurrentGCThread "G1 Main Marker" [stack: 0x000000001f600000,0x000000001f800000] [id=12872]
  0x000000000335b000 ConcurrentGCThread "G1 Conc#0" [stack: 0x000000001f800000,0x000000001fa00000] [id=6020]
  0x0000000030d86000 ConcurrentGCThread "G1 Conc#1" [stack: 0x0000000033b30000,0x0000000033d30000] [id=14412]
  0x00000000222c4800 ConcurrentGCThread "G1 Refine#0" [stack: 0x0000000022490000,0x0000000022690000] [id=12180]
  0x0000000024c54000 ConcurrentGCThread "G1 Refine#1" [stack: 0x000000002f3c0000,0x000000002f5c0000] [id=14792]
  0x00000000222c7000 ConcurrentGCThread "G1 Young RemSet Sampling" [stack: 0x0000000022690000,0x0000000022890000] [id=14924]

Threads with active compile tasks:

VM state:at safepoint (normal execution)

VM Mutex/Monitor currently owned by a thread:  ([mutex/lock_event])
[0x000000000330c860] Threads_lock - owner thread: 0x0000000022456000
[0x000000000330b8a0] Heap_lock - owner thread: 0x0000000024e50000

Heap address: 0x0000000080c00000, size: 2036 MB, Compressed Oops mode: 32-bit
Narrow klass base: 0x0000000000000000, Narrow klass shift: 3
Compressed class space size: 1073741824 Address: 0x0000000100000000

Heap:
 garbage-first heap   total 274432K, used 202042K [0x0000000080c00000, 0x0000000100000000)
  region size 1024K, 9 young (9216K), 1 survivors (1024K)
 Metaspace       used 77182K, capacity 80728K, committed 81648K, reserved 1120256K
  class space    used 9373K, capacity 10793K, committed 11124K, reserved 1048576K
Heap Regions: E=young(eden), S=young(survivor), O=old, HS=humongous(starts), HC=humongous(continues), CS=collection set, F=free, A=archive, TAMS=top-at-mark-start (previous, next)
|   0|0x0000000080c00000, 0x0000000080d00000, 0x0000000080d00000|100%| O|CS|TAMS 0x0000000080d00000, 0x0000000080c00000| Complete 
|   1|0x0000000080d00000, 0x0000000080e00000, 0x0000000080e00000|100%| O|  |TAMS 0x0000000080e00000, 0x0000000080d00000| Untracked 
|   2|0x0000000080e00000, 0x0000000080f00000, 0x0000000080f00000|100%| O|  |TAMS 0x0000000080f00000, 0x0000000080e00000| Complete 
|   3|0x0000000080f00000, 0x0000000081000000, 0x0000000081000000|100%| O|  |TAMS 0x0000000081000000, 0x0000000080f00000| Untracked 
|   4|0x0000000081000000, 0x0000000081100000, 0x0000000081100000|100%| O|  |TAMS 0x0000000081100000, 0x0000000081000000| Untracked 
|   5|0x0000000081100000, 0x0000000081200000, 0x0000000081200000|100%| O|  |TAMS 0x0000000081200000, 0x0000000081100000| Complete 
|   6|0x0000000081200000, 0x0000000081300000, 0x0000000081300000|100%| O|  |TAMS 0x0000000081300000, 0x0000000081200000| Untracked 
|   7|0x0000000081300000, 0x0000000081400000, 0x0000000081400000|100%| O|  |TAMS 0x0000000081400000, 0x0000000081300000| Complete 
|   8|0x0000000081400000, 0x0000000081500000, 0x0000000081500000|100%| O|  |TAMS 0x0000000081500000, 0x0000000081400000| Complete 
|   9|0x0000000081500000, 0x0000000081600000, 0x0000000081600000|100%| O|  |TAMS 0x0000000081600000, 0x0000000081500000| Untracked 
|  10|0x0000000081600000, 0x0000000081700000, 0x0000000081700000|100%| O|  |TAMS 0x0000000081700000, 0x0000000081600000| Untracked 
|  11|0x0000000081700000, 0x0000000081800000, 0x0000000081800000|100%| O|  |TAMS 0x0000000081800000, 0x0000000081700000| Untracked 
|  12|0x0000000081800000, 0x0000000081900000, 0x0000000081900000|100%| O|  |TAMS 0x0000000081900000, 0x0000000081800000| Untracked 
|  13|0x0000000081900000, 0x0000000081a00000, 0x0000000081a00000|100%| O|  |TAMS 0x0000000081a00000, 0x0000000081900000| Untracked 
|  14|0x0000000081a00000, 0x0000000081b00000, 0x0000000081b00000|100%| O|  |TAMS 0x0000000081b00000, 0x0000000081a00000| Complete 
|  15|0x0000000081b00000, 0x0000000081c00000, 0x0000000081c00000|100%| O|  |TAMS 0x0000000081c00000, 0x0000000081b00000| Untracked 
|  16|0x0000000081c00000, 0x0000000081d00000, 0x0000000081d00000|100%| O|  |TAMS 0x0000000081d00000, 0x0000000081c00000| Untracked 
|  17|0x0000000081d00000, 0x0000000081e00000, 0x0000000081e00000|100%| O|  |TAMS 0x0000000081e00000, 0x0000000081d00000| Untracked 
|  18|0x0000000081e00000, 0x0000000081f00000, 0x0000000081f00000|100%| O|  |TAMS 0x0000000081e00000, 0x0000000081e00000| Untracked 
|  19|0x0000000081f00000, 0x0000000082000000, 0x0000000082000000|100%| O|CS|TAMS 0x0000000082000000, 0x0000000081f00000| Complete 
|  20|0x0000000082000000, 0x0000000082100000, 0x0000000082100000|100%| O|  |TAMS 0x0000000082100000, 0x0000000082000000| Untracked 
|  21|0x0000000082100000, 0x0000000082200000, 0x0000000082200000|100%| O|  |TAMS 0x0000000082100000, 0x0000000082100000| Untracked 
|  22|0x0000000082200000, 0x0000000082300000, 0x0000000082300000|100%| O|  |TAMS 0x0000000082300000, 0x0000000082200000| Untracked 
|  23|0x0000000082300000, 0x0000000082400000, 0x0000000082400000|100%| O|  |TAMS 0x0000000082400000, 0x0000000082300000| Complete 
|  24|0x0000000082400000, 0x0000000082500000, 0x0000000082500000|100%| O|  |TAMS 0x0000000082500000, 0x0000000082400000| Untracked 
|  25|0x0000000082500000, 0x0000000082600000, 0x0000000082600000|100%| O|  |TAMS 0x0000000082600000, 0x0000000082500000| Untracked 
|  26|0x0000000082600000, 0x0000000082700000, 0x0000000082700000|100%| O|  |TAMS 0x0000000082700000, 0x0000000082600000| Untracked 
|  27|0x0000000082700000, 0x0000000082800000, 0x0000000082800000|100%| O|  |TAMS 0x0000000082800000, 0x0000000082700000| Complete 
|  28|0x0000000082800000, 0x0000000082900000, 0x0000000082900000|100%| O|  |TAMS 0x0000000082900000, 0x0000000082800000| Complete 
|  29|0x0000000082900000, 0x0000000082a00000, 0x0000000082a00000|100%| O|  |TAMS 0x0000000082a00000, 0x0000000082900000| Complete 
|  30|0x0000000082a00000, 0x0000000082b00000, 0x0000000082b00000|100%| O|  |TAMS 0x0000000082b00000, 0x0000000082a00000| Complete 
|  31|0x0000000082b00000, 0x0000000082c00000, 0x0000000082c00000|100%| O|CS|TAMS 0x0000000082c00000, 0x0000000082b00000| Complete 
|  32|0x0000000082c00000, 0x0000000082d00000, 0x0000000082d00000|100%| O|  |TAMS 0x0000000082d00000, 0x0000000082c00000| Complete 
|  33|0x0000000082d00000, 0x0000000082e00000, 0x0000000082e00000|100%| O|CS|TAMS 0x0000000082e00000, 0x0000000082d00000| Complete 
|  34|0x0000000082e00000, 0x0000000082f00000, 0x0000000082f00000|100%| O|  |TAMS 0x0000000082f00000, 0x0000000082e00000| Untracked 
|  35|0x0000000082f00000, 0x0000000083000000, 0x0000000083000000|100%| O|  |TAMS 0x0000000083000000, 0x0000000082f00000| Untracked 
|  36|0x0000000083000000, 0x0000000083100000, 0x0000000083100000|100%| O|  |TAMS 0x0000000083100000, 0x0000000083000000| Untracked 
|  37|0x0000000083100000, 0x0000000083200000, 0x0000000083200000|100%| O|  |TAMS 0x0000000083200000, 0x0000000083100000| Complete 
|  38|0x0000000083200000, 0x0000000083300000, 0x0000000083300000|100%| O|  |TAMS 0x0000000083300000, 0x0000000083200000| Untracked 
|  39|0x0000000083300000, 0x0000000083400000, 0x0000000083400000|100%| O|  |TAMS 0x0000000083400000, 0x0000000083300000| Untracked 
|  40|0x0000000083400000, 0x0000000083500000, 0x0000000083500000|100%| O|  |TAMS 0x0000000083500000, 0x0000000083400000| Complete 
|  41|0x0000000083500000, 0x0000000083600000, 0x0000000083600000|100%| O|  |TAMS 0x0000000083600000, 0x0000000083500000| Complete 
|  42|0x0000000083600000, 0x0000000083700000, 0x0000000083700000|100%| O|  |TAMS 0x0000000083700000, 0x0000000083600000| Complete 
|  43|0x0000000083700000, 0x0000000083800000, 0x0000000083800000|100%| O|  |TAMS 0x0000000083800000, 0x0000000083700000| Untracked 
|  44|0x0000000083800000, 0x0000000083900000, 0x0000000083900000|100%| O|  |TAMS 0x0000000083900000, 0x0000000083800000| Untracked 
|  45|0x0000000083900000, 0x0000000083a00000, 0x0000000083a00000|100%| O|  |TAMS 0x0000000083a00000, 0x0000000083900000| Untracked 
|  46|0x0000000083a00000, 0x0000000083b00000, 0x0000000083b00000|100%| O|  |TAMS 0x0000000083a00000, 0x0000000083a00000| Untracked 
|  47|0x0000000083b00000, 0x0000000083c00000, 0x0000000083c00000|100%| O|  |TAMS 0x0000000083c00000, 0x0000000083b00000| Untracked 
|  48|0x0000000083c00000, 0x0000000083d00000, 0x0000000083d00000|100%| O|  |TAMS 0x0000000083d00000, 0x0000000083c00000| Complete 
|  49|0x0000000083d00000, 0x0000000083e00000, 0x0000000083e00000|100%| O|  |TAMS 0x0000000083e00000, 0x0000000083d00000| Untracked 
|  50|0x0000000083e00000, 0x0000000083f00000, 0x0000000083f00000|100%| O|  |TAMS 0x0000000083f00000, 0x0000000083e00000| Untracked 
|  51|0x0000000083f00000, 0x0000000084000000, 0x0000000084000000|100%| O|  |TAMS 0x0000000084000000, 0x0000000083f00000| Complete 
|  52|0x0000000084000000, 0x0000000084100000, 0x0000000084100000|100%| O|  |TAMS 0x0000000084100000, 0x0000000084000000| Untracked 
|  53|0x0000000084100000, 0x0000000084200000, 0x0000000084200000|100%| O|  |TAMS 0x0000000084200000, 0x0000000084100000| Complete 
|  54|0x0000000084200000, 0x0000000084300000, 0x0000000084300000|100%| O|  |TAMS 0x0000000084300000, 0x0000000084200000| Untracked 
|  55|0x0000000084300000, 0x0000000084400000, 0x0000000084400000|100%| O|  |TAMS 0x0000000084400000, 0x0000000084300000| Untracked 
|  56|0x0000000084400000, 0x0000000084500000, 0x0000000084500000|100%| O|  |TAMS 0x0000000084500000, 0x0000000084400000| Untracked 
|  57|0x0000000084500000, 0x0000000084600000, 0x0000000084600000|100%| O|  |TAMS 0x0000000084600000, 0x0000000084500000| Untracked 
|  58|0x0000000084600000, 0x0000000084700000, 0x0000000084700000|100%| O|  |TAMS 0x0000000084600000, 0x0000000084600000| Untracked 
|  59|0x0000000084700000, 0x0000000084800000, 0x0000000084800000|100%| O|  |TAMS 0x0000000084800000, 0x0000000084700000| Untracked 
|  60|0x0000000084800000, 0x0000000084900000, 0x0000000084900000|100%| O|CS|TAMS 0x0000000084900000, 0x0000000084800000| Complete 
|  61|0x0000000084900000, 0x0000000084a00000, 0x0000000084a00000|100%| O|CS|TAMS 0x0000000084a00000, 0x0000000084900000| Complete 
|  62|0x0000000084a00000, 0x0000000084b00000, 0x0000000084b00000|100%| O|  |TAMS 0x0000000084b00000, 0x0000000084a00000| Untracked 
|  63|0x0000000084b00000, 0x0000000084c00000, 0x0000000084c00000|100%| O|CS|TAMS 0x0000000084c00000, 0x0000000084b00000| Complete 
|  64|0x0000000084c00000, 0x0000000084d00000, 0x0000000084d00000|100%| O|  |TAMS 0x0000000084d00000, 0x0000000084c00000| Complete 
|  65|0x0000000084d00000, 0x0000000084e00000, 0x0000000084e00000|100%| O|  |TAMS 0x0000000084e00000, 0x0000000084d00000| Untracked 
|  66|0x0000000084e00000, 0x0000000084f00000, 0x0000000084f00000|100%| O|  |TAMS 0x0000000084f00000, 0x0000000084e00000| Complete 
|  67|0x0000000084f00000, 0x0000000085000000, 0x0000000085000000|100%| O|CS|TAMS 0x0000000085000000, 0x0000000084f00000| Complete 
|  68|0x0000000085000000, 0x0000000085100000, 0x0000000085100000|100%| O|  |TAMS 0x0000000085100000, 0x0000000085000000| Untracked 
|  69|0x0000000085100000, 0x0000000085200000, 0x0000000085200000|100%| O|  |TAMS 0x0000000085200000, 0x0000000085100000| Complete 
|  70|0x0000000085200000, 0x0000000085300000, 0x0000000085300000|100%| O|  |TAMS 0x0000000085300000, 0x0000000085200000| Untracked 
|  71|0x0000000085300000, 0x0000000085400000, 0x0000000085400000|100%| O|  |TAMS 0x0000000085400000, 0x0000000085300000| Untracked 
|  72|0x0000000085400000, 0x0000000085500000, 0x0000000085500000|100%| O|  |TAMS 0x0000000085500000, 0x0000000085400000| Complete 
|  73|0x0000000085500000, 0x0000000085600000, 0x0000000085600000|100%| O|CS|TAMS 0x0000000085600000, 0x0000000085500000| Complete 
|  74|0x0000000085600000, 0x0000000085700000, 0x0000000085700000|100%| O|  |TAMS 0x0000000085700000, 0x0000000085600000| Untracked 
|  75|0x0000000085700000, 0x0000000085800000, 0x0000000085800000|100%| O|  |TAMS 0x0000000085800000, 0x0000000085700000| Complete 
|  76|0x0000000085800000, 0x0000000085900000, 0x0000000085900000|100%| O|  |TAMS 0x0000000085900000, 0x0000000085800000| Untracked 
|  77|0x0000000085900000, 0x0000000085a00000, 0x0000000085a00000|100%| O|  |TAMS 0x0000000085a00000, 0x0000000085900000| Untracked 
|  78|0x0000000085a00000, 0x0000000085b00000, 0x0000000085b00000|100%| O|CS|TAMS 0x0000000085b00000, 0x0000000085a00000| Complete 
|  79|0x0000000085b00000, 0x0000000085c00000, 0x0000000085c00000|100%| O|  |TAMS 0x0000000085c00000, 0x0000000085b00000| Complete 
|  80|0x0000000085c00000, 0x0000000085d00000, 0x0000000085d00000|100%| O|  |TAMS 0x0000000085d00000, 0x0000000085c00000| Complete 
|  81|0x0000000085d00000, 0x0000000085e00000, 0x0000000085e00000|100%| O|CS|TAMS 0x0000000085e00000, 0x0000000085d00000| Complete 
|  82|0x0000000085e00000, 0x0000000085f00000, 0x0000000085f00000|100%| O|  |TAMS 0x0000000085f00000, 0x0000000085e00000| Complete 
|  83|0x0000000085f00000, 0x0000000086000000, 0x0000000086000000|100%| O|  |TAMS 0x0000000086000000, 0x0000000085f00000| Complete 
|  84|0x0000000086000000, 0x0000000086100000, 0x0000000086100000|100%| O|  |TAMS 0x0000000086100000, 0x0000000086000000| Complete 
|  85|0x0000000086100000, 0x0000000086200000, 0x0000000086200000|100%| O|  |TAMS 0x0000000086200000, 0x0000000086100000| Untracked 
|  86|0x0000000086200000, 0x0000000086300000, 0x0000000086300000|100%| O|  |TAMS 0x0000000086300000, 0x0000000086200000| Untracked 
|  87|0x0000000086300000, 0x0000000086400000, 0x0000000086400000|100%| O|CS|TAMS 0x0000000086400000, 0x0000000086300000| Complete 
|  88|0x0000000086400000, 0x0000000086500000, 0x0000000086500000|100%| O|  |TAMS 0x0000000086500000, 0x0000000086400000| Untracked 
|  89|0x0000000086500000, 0x0000000086600000, 0x0000000086600000|100%| O|  |TAMS 0x0000000086600000, 0x0000000086500000| Complete 
|  90|0x0000000086600000, 0x0000000086700000, 0x0000000086700000|100%|HS|  |TAMS 0x0000000086700000, 0x0000000086600000| Complete 
|  91|0x0000000086700000, 0x0000000086800000, 0x0000000086800000|100%| O|  |TAMS 0x0000000086800000, 0x0000000086700000| Untracked 
|  92|0x0000000086800000, 0x0000000086900000, 0x0000000086900000|100%| O|  |TAMS 0x0000000086800000, 0x0000000086800000| Untracked 
|  93|0x0000000086900000, 0x0000000086a00000, 0x0000000086a00000|100%| O|  |TAMS 0x0000000086a00000, 0x0000000086900000| Complete 
|  94|0x0000000086a00000, 0x0000000086b00000, 0x0000000086b00000|100%| O|  |TAMS 0x0000000086a33400, 0x0000000086a00000| Untracked 
|  95|0x0000000086b00000, 0x0000000086c00000, 0x0000000086c00000|100%| O|  |TAMS 0x0000000086c00000, 0x0000000086b00000| Untracked 
|  96|0x0000000086c00000, 0x0000000086d00000, 0x0000000086d00000|100%| O|  |TAMS 0x0000000086d00000, 0x0000000086c00000| Complete 
|  97|0x0000000086d00000, 0x0000000086e00000, 0x0000000086e00000|100%| O|  |TAMS 0x0000000086e00000, 0x0000000086d00000| Untracked 
|  98|0x0000000086e00000, 0x0000000086f00000, 0x0000000086f00000|100%| O|  |TAMS 0x0000000086f00000, 0x0000000086e00000| Untracked 
|  99|0x0000000086f00000, 0x0000000087000000, 0x0000000087000000|100%| O|  |TAMS 0x0000000087000000, 0x0000000086f00000| Untracked 
| 100|0x0000000087000000, 0x0000000087100000, 0x0000000087100000|100%| O|  |TAMS 0x0000000087100000, 0x0000000087000000| Untracked 
| 101|0x0000000087100000, 0x0000000087200000, 0x0000000087200000|100%| O|  |TAMS 0x0000000087200000, 0x0000000087100000| Complete 
| 102|0x0000000087200000, 0x0000000087300000, 0x0000000087300000|100%| O|  |TAMS 0x0000000087300000, 0x0000000087200000| Untracked 
| 103|0x0000000087300000, 0x0000000087400000, 0x0000000087400000|100%| O|  |TAMS 0x0000000087400000, 0x0000000087300000| Untracked 
| 104|0x0000000087400000, 0x0000000087500000, 0x0000000087500000|100%| O|  |TAMS 0x0000000087400000, 0x0000000087400000| Untracked 
| 105|0x0000000087500000, 0x0000000087600000, 0x0000000087600000|100%| O|  |TAMS 0x0000000087600000, 0x0000000087500000| Untracked 
| 106|0x0000000087600000, 0x0000000087700000, 0x0000000087700000|100%| O|  |TAMS 0x0000000087700000, 0x0000000087600000| Untracked 
| 107|0x0000000087700000, 0x0000000087800000, 0x0000000087800000|100%| O|  |TAMS 0x0000000087800000, 0x0000000087700000| Untracked 
| 108|0x0000000087800000, 0x0000000087900000, 0x0000000087900000|100%| O|  |TAMS 0x0000000087900000, 0x0000000087800000| Untracked 
| 109|0x0000000087900000, 0x0000000087a00000, 0x0000000087a00000|100%| O|  |TAMS 0x0000000087a00000, 0x0000000087900000| Untracked 
| 110|0x0000000087a00000, 0x0000000087b00000, 0x0000000087b00000|100%| O|  |TAMS 0x0000000087b00000, 0x0000000087a00000| Complete 
| 111|0x0000000087b00000, 0x0000000087c00000, 0x0000000087c00000|100%| O|CS|TAMS 0x0000000087c00000, 0x0000000087b00000| Complete 
| 112|0x0000000087c00000, 0x0000000087d00000, 0x0000000087d00000|100%| O|  |TAMS 0x0000000087d00000, 0x0000000087c00000| Untracked 
| 113|0x0000000087d00000, 0x0000000087e00000, 0x0000000087e00000|100%| O|  |TAMS 0x0000000087d00000, 0x0000000087d00000| Untracked 
| 114|0x0000000087e00000, 0x0000000087f00000, 0x0000000087f00000|100%| O|  |TAMS 0x0000000087e00000, 0x0000000087e00000| Untracked 
| 115|0x0000000087f00000, 0x0000000088000000, 0x0000000088000000|100%| O|  |TAMS 0x0000000088000000, 0x0000000087f00000| Untracked 
| 116|0x0000000088000000, 0x0000000088100000, 0x0000000088100000|100%| O|  |TAMS 0x0000000088100000, 0x0000000088000000| Untracked 
| 117|0x0000000088100000, 0x0000000088200000, 0x0000000088200000|100%| O|  |TAMS 0x0000000088200000, 0x0000000088100000| Untracked 
| 118|0x0000000088200000, 0x0000000088300000, 0x0000000088300000|100%| O|  |TAMS 0x0000000088300000, 0x0000000088200000| Complete 
| 119|0x0000000088300000, 0x0000000088400000, 0x0000000088400000|100%| O|  |TAMS 0x0000000088400000, 0x0000000088300000| Untracked 
| 120|0x0000000088400000, 0x0000000088500000, 0x0000000088500000|100%| O|  |TAMS 0x0000000088500000, 0x0000000088400000| Complete 
| 121|0x0000000088500000, 0x0000000088600000, 0x0000000088600000|100%| O|  |TAMS 0x0000000088500000, 0x0000000088500000| Untracked 
| 122|0x0000000088600000, 0x0000000088700000, 0x0000000088700000|100%| O|  |TAMS 0x0000000088600000, 0x0000000088600000| Untracked 
| 123|0x0000000088700000, 0x0000000088800000, 0x0000000088800000|100%| O|  |TAMS 0x0000000088800000, 0x0000000088700000| Untracked 
| 124|0x0000000088800000, 0x0000000088900000, 0x0000000088900000|100%| O|  |TAMS 0x0000000088900000, 0x0000000088800000| Untracked 
| 125|0x0000000088900000, 0x0000000088a00000, 0x0000000088a00000|100%| O|  |TAMS 0x0000000088a00000, 0x0000000088900000| Untracked 
| 126|0x0000000088a00000, 0x0000000088b00000, 0x0000000088b00000|100%| O|  |TAMS 0x0000000088a00000, 0x0000000088a00000| Untracked 
| 127|0x0000000088b00000, 0x0000000088c00000, 0x0000000088c00000|100%| O|  |TAMS 0x0000000088b00000, 0x0000000088b00000| Untracked 
| 128|0x0000000088c00000, 0x0000000088d00000, 0x0000000088d00000|100%| O|CS|TAMS 0x0000000088d00000, 0x0000000088c00000| Complete 
| 129|0x0000000088d00000, 0x0000000088e00000, 0x0000000088e00000|100%| O|  |TAMS 0x0000000088e00000, 0x0000000088d00000| Complete 
| 130|0x0000000088e00000, 0x0000000088f00000, 0x0000000088f00000|100%| O|  |TAMS 0x0000000088f00000, 0x0000000088e00000| Untracked 
| 131|0x0000000088f00000, 0x0000000089000000, 0x0000000089000000|100%| O|  |TAMS 0x0000000089000000, 0x0000000088f00000| Untracked 
| 132|0x0000000089000000, 0x0000000089100000, 0x0000000089100000|100%| O|  |TAMS 0x0000000089100000, 0x0000000089000000| Untracked 
| 133|0x0000000089100000, 0x0000000089200000, 0x0000000089200000|100%| O|  |TAMS 0x0000000089200000, 0x0000000089100000| Complete 
| 134|0x0000000089200000, 0x0000000089300000, 0x0000000089300000|100%| O|  |TAMS 0x0000000089200000, 0x0000000089200000| Untracked 
| 135|0x0000000089300000, 0x0000000089400000, 0x0000000089400000|100%| O|  |TAMS 0x0000000089300000, 0x0000000089300000| Untracked 
| 136|0x0000000089400000, 0x0000000089500000, 0x0000000089500000|100%| O|  |TAMS 0x0000000089500000, 0x0000000089400000| Untracked 
| 137|0x0000000089500000, 0x0000000089600000, 0x0000000089600000|100%| O|  |TAMS 0x0000000089600000, 0x0000000089500000| Untracked 
| 138|0x0000000089600000, 0x0000000089700000, 0x0000000089700000|100%| O|  |TAMS 0x0000000089700000, 0x0000000089600000| Untracked 
| 139|0x0000000089700000, 0x0000000089800000, 0x0000000089800000|100%| O|  |TAMS 0x0000000089700000, 0x0000000089700000| Untracked 
| 140|0x0000000089800000, 0x0000000089900000, 0x0000000089900000|100%| O|  |TAMS 0x0000000089900000, 0x0000000089800000| Complete 
| 141|0x0000000089900000, 0x0000000089a00000, 0x0000000089a00000|100%| O|  |TAMS 0x0000000089a00000, 0x0000000089900000| Complete 
| 142|0x0000000089a00000, 0x0000000089b00000, 0x0000000089b00000|100%| O|  |TAMS 0x0000000089b00000, 0x0000000089a00000| Complete 
| 143|0x0000000089b00000, 0x0000000089c00000, 0x0000000089c00000|100%| O|  |TAMS 0x0000000089c00000, 0x0000000089b00000| Untracked 
| 144|0x0000000089c00000, 0x0000000089d00000, 0x0000000089d00000|100%| O|  |TAMS 0x0000000089c00000, 0x0000000089c00000| Untracked 
| 145|0x0000000089d00000, 0x0000000089e00000, 0x0000000089e00000|100%| O|  |TAMS 0x0000000089e00000, 0x0000000089d00000| Untracked 
| 146|0x0000000089e00000, 0x0000000089f00000, 0x0000000089f00000|100%| O|  |TAMS 0x0000000089e00000, 0x0000000089e00000| Untracked 
| 147|0x0000000089f00000, 0x000000008a000000, 0x000000008a000000|100%| O|  |TAMS 0x000000008a000000, 0x0000000089f00000| Untracked 
| 148|0x000000008a000000, 0x000000008a100000, 0x000000008a100000|100%| O|  |TAMS 0x000000008a100000, 0x000000008a000000| Complete 
| 149|0x000000008a100000, 0x000000008a200000, 0x000000008a200000|100%| O|  |TAMS 0x000000008a200000, 0x000000008a100000| Complete 
| 150|0x000000008a200000, 0x000000008a300000, 0x000000008a300000|100%| O|  |TAMS 0x000000008a200000, 0x000000008a200000| Untracked 
| 151|0x000000008a300000, 0x000000008a400000, 0x000000008a400000|100%| O|  |TAMS 0x000000008a400000, 0x000000008a300000| Untracked 
| 152|0x000000008a400000, 0x000000008a500000, 0x000000008a500000|100%| O|  |TAMS 0x000000008a500000, 0x000000008a400000| Untracked 
| 153|0x000000008a500000, 0x000000008a600000, 0x000000008a600000|100%| O|  |TAMS 0x000000008a600000, 0x000000008a500000| Untracked 
| 154|0x000000008a600000, 0x000000008a700000, 0x000000008a700000|100%| O|  |TAMS 0x000000008a700000, 0x000000008a600000| Complete 
| 155|0x000000008a700000, 0x000000008a800000, 0x000000008a800000|100%| O|  |TAMS 0x000000008a800000, 0x000000008a700000| Untracked 
| 156|0x000000008a800000, 0x000000008a900000, 0x000000008a900000|100%| O|  |TAMS 0x000000008a900000, 0x000000008a800000| Complete 
| 157|0x000000008a900000, 0x000000008aa00000, 0x000000008aa00000|100%| O|  |TAMS 0x000000008aa00000, 0x000000008a900000| Untracked 
| 158|0x000000008aa00000, 0x000000008ab00000, 0x000000008ab00000|100%| O|  |TAMS 0x000000008ab00000, 0x000000008aa00000| Untracked 
| 159|0x000000008ab00000, 0x000000008ac00000, 0x000000008ac00000|100%| O|  |TAMS 0x000000008ac00000, 0x000000008ab00000| Untracked 
| 160|0x000000008ac00000, 0x000000008ad00000, 0x000000008ad00000|100%| O|  |TAMS 0x000000008ad00000, 0x000000008ac00000| Complete 
| 161|0x000000008ad00000, 0x000000008ae00000, 0x000000008ae00000|100%| O|  |TAMS 0x000000008ae00000, 0x000000008ad00000| Untracked 
| 162|0x000000008ae00000, 0x000000008af00000, 0x000000008af00000|100%| O|  |TAMS 0x000000008af00000, 0x000000008ae00000| Complete 
| 163|0x000000008af00000, 0x000000008b000000, 0x000000008b000000|100%| O|  |TAMS 0x000000008b000000, 0x000000008af00000| Complete 
| 164|0x000000008b000000, 0x000000008b07df18, 0x000000008b100000| 49%| O|  |TAMS 0x000000008b000000, 0x000000008b000000| Untracked 
| 165|0x000000008b100000, 0x000000008b200000, 0x000000008b200000|100%| O|  |TAMS 0x000000008b200000, 0x000000008b100000| Complete 
| 166|0x000000008b200000, 0x000000008b300000, 0x000000008b300000|100%| O|  |TAMS 0x000000008b300000, 0x000000008b200000| Untracked 
| 167|0x000000008b300000, 0x000000008b300000, 0x000000008b400000|  0%| F|  |TAMS 0x000000008b300000, 0x000000008b300000| Untracked 
| 168|0x000000008b400000, 0x000000008b500000, 0x000000008b500000|100%| O|  |TAMS 0x000000008b500000, 0x000000008b400000| Complete 
| 169|0x000000008b500000, 0x000000008b600000, 0x000000008b600000|100%| O|  |TAMS 0x000000008b600000, 0x000000008b500000| Complete 
| 170|0x000000008b600000, 0x000000008b700000, 0x000000008b700000|100%| O|  |TAMS 0x000000008b700000, 0x000000008b600000| Untracked 
| 171|0x000000008b700000, 0x000000008b800000, 0x000000008b800000|100%| O|  |TAMS 0x000000008b800000, 0x000000008b700000| Complete 
| 172|0x000000008b800000, 0x000000008b900000, 0x000000008b900000|100%|HS|  |TAMS 0x000000008b900000, 0x000000008b800000| Complete 
| 173|0x000000008b900000, 0x000000008ba00000, 0x000000008ba00000|100%|HC|  |TAMS 0x000000008ba00000, 0x000000008b900000| Complete 
| 174|0x000000008ba00000, 0x000000008bb00000, 0x000000008bb00000|100%| O|  |TAMS 0x000000008bb00000, 0x000000008ba00000| Untracked 
| 175|0x000000008bb00000, 0x000000008bc00000, 0x000000008bc00000|100%| O|  |TAMS 0x000000008bc00000, 0x000000008bb00000| Untracked 
| 176|0x000000008bc00000, 0x000000008bd00000, 0x000000008bd00000|100%| O|  |TAMS 0x000000008bd00000, 0x000000008bc00000| Untracked 
| 177|0x000000008bd00000, 0x000000008be00000, 0x000000008be00000|100%| O|  |TAMS 0x000000008be00000, 0x000000008bd00000| Untracked 
| 178|0x000000008be00000, 0x000000008be00000, 0x000000008bf00000|  0%| F|  |TAMS 0x000000008be00000, 0x000000008be00000| Untracked 
| 179|0x000000008bf00000, 0x000000008c000000, 0x000000008c000000|100%| O|  |TAMS 0x000000008c000000, 0x000000008bf00000| Complete 
| 180|0x000000008c000000, 0x000000008c100000, 0x000000008c100000|100%| O|  |TAMS 0x000000008c100000, 0x000000008c000000| Complete 
| 181|0x000000008c100000, 0x000000008c200000, 0x000000008c200000|100%| O|  |TAMS 0x000000008c200000, 0x000000008c100000| Untracked 
| 182|0x000000008c200000, 0x000000008c300000, 0x000000008c300000|100%| O|  |TAMS 0x000000008c300000, 0x000000008c200000| Untracked 
| 183|0x000000008c300000, 0x000000008c400000, 0x000000008c400000|100%| O|  |TAMS 0x000000008c400000, 0x000000008c300000| Untracked 
| 184|0x000000008c400000, 0x000000008c500000, 0x000000008c500000|100%| O|CS|TAMS 0x000000008c500000, 0x000000008c400000| Complete 
| 185|0x000000008c500000, 0x000000008c600000, 0x000000008c600000|100%| O|CS|TAMS 0x000000008c600000, 0x000000008c500000| Complete 
| 186|0x000000008c600000, 0x000000008c600000, 0x000000008c700000|  0%| F|  |TAMS 0x000000008c600000, 0x000000008c600000| Untracked 
| 187|0x000000008c700000, 0x000000008c800000, 0x000000008c800000|100%| O|CS|TAMS 0x000000008c800000, 0x000000008c700000| Complete 
| 188|0x000000008c800000, 0x000000008c900000, 0x000000008c900000|100%| O|  |TAMS 0x000000008c900000, 0x000000008c800000| Complete 
| 189|0x000000008c900000, 0x000000008c900000, 0x000000008ca00000|  0%| F|  |TAMS 0x000000008c900000, 0x000000008c900000| Untracked 
| 190|0x000000008ca00000, 0x000000008cb00000, 0x000000008cb00000|100%| O|CS|TAMS 0x000000008cb00000, 0x000000008ca00000| Complete 
| 191|0x000000008cb00000, 0x000000008cc00000, 0x000000008cc00000|100%| O|  |TAMS 0x000000008cc00000, 0x000000008cb00000| Untracked 
| 192|0x000000008cc00000, 0x000000008cd00000, 0x000000008cd00000|100%| O|CS|TAMS 0x000000008cd00000, 0x000000008cc00000| Complete 
| 193|0x000000008cd00000, 0x000000008ce00000, 0x000000008ce00000|100%| O|CS|TAMS 0x000000008ce00000, 0x000000008cd00000| Complete 
| 194|0x000000008ce00000, 0x000000008ce00000, 0x000000008cf00000|  0%| F|  |TAMS 0x000000008ce00000, 0x000000008ce00000| Untracked 
| 195|0x000000008cf00000, 0x000000008cf00000, 0x000000008d000000|  0%| F|  |TAMS 0x000000008cf00000, 0x000000008cf00000| Untracked 
| 196|0x000000008d000000, 0x000000008d000000, 0x000000008d100000|  0%| F|  |TAMS 0x000000008d000000, 0x000000008d000000| Untracked 
| 197|0x000000008d100000, 0x000000008d100000, 0x000000008d200000|  0%| F|  |TAMS 0x000000008d100000, 0x000000008d100000| Untracked 
| 198|0x000000008d200000, 0x000000008d300000, 0x000000008d300000|100%| O|  |TAMS 0x000000008d300000, 0x000000008d200000| Complete 
| 199|0x000000008d300000, 0x000000008d400000, 0x000000008d400000|100%| O|  |TAMS 0x000000008d400000, 0x000000008d300000| Complete 
| 200|0x000000008d400000, 0x000000008d400000, 0x000000008d500000|  0%| F|  |TAMS 0x000000008d400000, 0x000000008d400000| Untracked 
| 201|0x000000008d500000, 0x000000008d500000, 0x000000008d600000|  0%| F|  |TAMS 0x000000008d500000, 0x000000008d500000| Untracked 
| 202|0x000000008d600000, 0x000000008d700000, 0x000000008d700000|100%| O|CS|TAMS 0x000000008d700000, 0x000000008d600000| Complete 
| 203|0x000000008d700000, 0x000000008d700000, 0x000000008d800000|  0%| F|  |TAMS 0x000000008d700000, 0x000000008d700000| Untracked 
| 204|0x000000008d800000, 0x000000008d900000, 0x000000008d900000|100%| O|CS|TAMS 0x000000008d900000, 0x000000008d800000| Complete 
| 205|0x000000008d900000, 0x000000008d900000, 0x000000008da00000|  0%| F|  |TAMS 0x000000008d900000, 0x000000008d900000| Untracked 
| 206|0x000000008da00000, 0x000000008db00000, 0x000000008db00000|100%| O|CS|TAMS 0x000000008db00000, 0x000000008da00000| Complete 
| 207|0x000000008db00000, 0x000000008db00000, 0x000000008dc00000|  0%| F|  |TAMS 0x000000008db00000, 0x000000008db00000| Untracked 
| 208|0x000000008dc00000, 0x000000008dc00000, 0x000000008dd00000|  0%| F|  |TAMS 0x000000008dc00000, 0x000000008dc00000| Untracked 
| 209|0x000000008dd00000, 0x000000008dd00000, 0x000000008de00000|  0%| F|  |TAMS 0x000000008dd00000, 0x000000008dd00000| Untracked 
| 210|0x000000008de00000, 0x000000008df00000, 0x000000008df00000|100%| O|  |TAMS 0x000000008df00000, 0x000000008de00000| Complete 
| 211|0x000000008df00000, 0x000000008df00000, 0x000000008e000000|  0%| F|  |TAMS 0x000000008df00000, 0x000000008df00000| Untracked 
| 212|0x000000008e000000, 0x000000008e000000, 0x000000008e100000|  0%| F|  |TAMS 0x000000008e000000, 0x000000008e000000| Untracked 
| 213|0x000000008e100000, 0x000000008e100000, 0x000000008e200000|  0%| F|  |TAMS 0x000000008e100000, 0x000000008e100000| Untracked 
| 214|0x000000008e200000, 0x000000008e200000, 0x000000008e300000|  0%| F|  |TAMS 0x000000008e200000, 0x000000008e200000| Untracked 
| 215|0x000000008e300000, 0x000000008e300000, 0x000000008e400000|  0%| F|  |TAMS 0x000000008e300000, 0x000000008e300000| Untracked 
| 216|0x000000008e400000, 0x000000008e400000, 0x000000008e500000|  0%| F|  |TAMS 0x000000008e400000, 0x000000008e400000| Untracked 
| 217|0x000000008e500000, 0x000000008e500000, 0x000000008e600000|  0%| F|  |TAMS 0x000000008e500000, 0x000000008e500000| Untracked 
| 218|0x000000008e600000, 0x000000008e600000, 0x000000008e700000|  0%| F|  |TAMS 0x000000008e600000, 0x000000008e600000| Untracked 
| 219|0x000000008e700000, 0x000000008e700000, 0x000000008e800000|  0%| F|  |TAMS 0x000000008e700000, 0x000000008e700000| Untracked 
| 220|0x000000008e800000, 0x000000008e800000, 0x000000008e900000|  0%| F|  |TAMS 0x000000008e800000, 0x000000008e800000| Untracked 
| 221|0x000000008e900000, 0x000000008e900000, 0x000000008ea00000|  0%| F|  |TAMS 0x000000008e900000, 0x000000008e900000| Untracked 
| 222|0x000000008ea00000, 0x000000008ea00000, 0x000000008eb00000|  0%| F|  |TAMS 0x000000008ea00000, 0x000000008ea00000| Untracked 
| 223|0x000000008eb00000, 0x000000008eb00000, 0x000000008ec00000|  0%| F|  |TAMS 0x000000008eb00000, 0x000000008eb00000| Untracked 
| 224|0x000000008ec00000, 0x000000008ec00000, 0x000000008ed00000|  0%| F|  |TAMS 0x000000008ec00000, 0x000000008ec00000| Untracked 
| 225|0x000000008ed00000, 0x000000008ed00000, 0x000000008ee00000|  0%| F|  |TAMS 0x000000008ed00000, 0x000000008ed00000| Untracked 
| 226|0x000000008ee00000, 0x000000008ee00000, 0x000000008ef00000|  0%| F|  |TAMS 0x000000008ee00000, 0x000000008ee00000| Untracked 
| 227|0x000000008ef00000, 0x000000008ef00000, 0x000000008f000000|  0%| F|  |TAMS 0x000000008ef00000, 0x000000008ef00000| Untracked 
| 228|0x000000008f000000, 0x000000008f000000, 0x000000008f100000|  0%| F|  |TAMS 0x000000008f000000, 0x000000008f000000| Untracked 
| 229|0x000000008f100000, 0x000000008f100000, 0x000000008f200000|  0%| F|  |TAMS 0x000000008f100000, 0x000000008f100000| Untracked 
| 230|0x000000008f200000, 0x000000008f200000, 0x000000008f300000|  0%| F|  |TAMS 0x000000008f200000, 0x000000008f200000| Untracked 
| 231|0x000000008f300000, 0x000000008f300000, 0x000000008f400000|  0%| F|  |TAMS 0x000000008f300000, 0x000000008f300000| Untracked 
| 232|0x000000008f400000, 0x000000008f400000, 0x000000008f500000|  0%| F|  |TAMS 0x000000008f400000, 0x000000008f400000| Untracked 
| 233|0x000000008f500000, 0x000000008f500000, 0x000000008f600000|  0%| F|  |TAMS 0x000000008f500000, 0x000000008f500000| Untracked 
| 234|0x000000008f600000, 0x000000008f600000, 0x000000008f700000|  0%| F|  |TAMS 0x000000008f600000, 0x000000008f600000| Untracked 
| 235|0x000000008f700000, 0x000000008f800000, 0x000000008f800000|100%| E|CS|TAMS 0x000000008f700000, 0x000000008f700000| Complete 
| 236|0x000000008f800000, 0x000000008f900000, 0x000000008f900000|100%| E|CS|TAMS 0x000000008f800000, 0x000000008f800000| Complete 
| 237|0x000000008f900000, 0x000000008fa00000, 0x000000008fa00000|100%| E|CS|TAMS 0x000000008f900000, 0x000000008f900000| Complete 
| 238|0x000000008fa00000, 0x000000008fb00000, 0x000000008fb00000|100%| E|CS|TAMS 0x000000008fa00000, 0x000000008fa00000| Complete 
| 239|0x000000008fb00000, 0x000000008fc00000, 0x000000008fc00000|100%| E|CS|TAMS 0x000000008fb00000, 0x000000008fb00000| Complete 
| 240|0x000000008fc00000, 0x000000008fc00000, 0x000000008fd00000|  0%| F|  |TAMS 0x000000008fc00000, 0x000000008fc00000| Untracked 
| 241|0x000000008fd00000, 0x000000008fd00000, 0x000000008fe00000|  0%| F|  |TAMS 0x000000008fd00000, 0x000000008fd00000| Untracked 
| 242|0x000000008fe00000, 0x000000008fe00000, 0x000000008ff00000|  0%| F|  |TAMS 0x000000008fe00000, 0x000000008fe00000| Untracked 
| 243|0x000000008ff00000, 0x000000008ff00000, 0x0000000090000000|  0%| F|  |TAMS 0x000000008ff00000, 0x000000008ff00000| Untracked 
| 244|0x0000000090000000, 0x0000000090000000, 0x0000000090100000|  0%| F|  |TAMS 0x0000000090000000, 0x0000000090000000| Untracked 
| 245|0x0000000090100000, 0x0000000090100000, 0x0000000090200000|  0%| F|  |TAMS 0x0000000090100000, 0x0000000090100000| Untracked 
| 246|0x0000000090200000, 0x0000000090200000, 0x0000000090300000|  0%| F|  |TAMS 0x0000000090200000, 0x0000000090200000| Untracked 
| 247|0x0000000090300000, 0x0000000090300000, 0x0000000090400000|  0%| F|  |TAMS 0x0000000090300000, 0x0000000090300000| Untracked 
| 248|0x0000000090400000, 0x0000000090400000, 0x0000000090500000|  0%| F|  |TAMS 0x0000000090400000, 0x0000000090400000| Untracked 
| 249|0x0000000090500000, 0x0000000090500000, 0x0000000090600000|  0%| F|  |TAMS 0x0000000090500000, 0x0000000090500000| Untracked 
| 250|0x0000000090600000, 0x0000000090600000, 0x0000000090700000|  0%| F|  |TAMS 0x0000000090600000, 0x0000000090600000| Untracked 
| 251|0x0000000090700000, 0x0000000090700000, 0x0000000090800000|  0%| F|  |TAMS 0x0000000090700000, 0x0000000090700000| Untracked 
| 252|0x0000000090800000, 0x0000000090800000, 0x0000000090900000|  0%| F|  |TAMS 0x0000000090800000, 0x0000000090800000| Untracked 
| 253|0x0000000090900000, 0x0000000090900000, 0x0000000090a00000|  0%| F|  |TAMS 0x0000000090900000, 0x0000000090900000| Untracked 
| 254|0x0000000090a00000, 0x0000000090a00000, 0x0000000090b00000|  0%| F|  |TAMS 0x0000000090a00000, 0x0000000090a00000| Untracked 
| 255|0x0000000090b00000, 0x0000000090b00000, 0x0000000090c00000|  0%| F|  |TAMS 0x0000000090b00000, 0x0000000090b00000| Untracked 
| 256|0x0000000090c00000, 0x0000000090c00000, 0x0000000090d00000|  0%| F|  |TAMS 0x0000000090c00000, 0x0000000090c00000| Untracked 
| 257|0x0000000090d00000, 0x0000000090d00000, 0x0000000090e00000|  0%| F|  |TAMS 0x0000000090d00000, 0x0000000090d00000| Untracked 
| 258|0x0000000090e00000, 0x0000000090e00000, 0x0000000090f00000|  0%| F|  |TAMS 0x0000000090e00000, 0x0000000090e00000| Untracked 
| 259|0x0000000090f00000, 0x0000000090f64c30, 0x0000000091000000| 39%| S|  |TAMS 0x0000000090f00000, 0x0000000090f00000| Complete 
| 260|0x0000000091000000, 0x0000000091100000, 0x0000000091100000|100%| E|CS|TAMS 0x0000000091000000, 0x0000000091000000| Complete 
| 261|0x0000000091100000, 0x0000000091200000, 0x0000000091200000|100%| E|CS|TAMS 0x0000000091100000, 0x0000000091100000| Complete 
| 262|0x0000000091200000, 0x0000000091300000, 0x0000000091300000|100%| E|CS|TAMS 0x0000000091200000, 0x0000000091200000| Complete 
| 263|0x0000000091300000, 0x0000000091400000, 0x0000000091400000|100%| E|CS|TAMS 0x0000000091300000, 0x0000000091300000| Complete 
| 264|0x0000000091400000, 0x0000000091500000, 0x0000000091500000|100%| E|CS|TAMS 0x0000000091400000, 0x0000000091400000| Complete 
| 265|0x0000000091500000, 0x0000000091600000, 0x0000000091600000|100%| E|CS|TAMS 0x0000000091500000, 0x0000000091500000| Complete 
| 266|0x0000000091600000, 0x0000000091700000, 0x0000000091700000|100%| E|CS|TAMS 0x0000000091600000, 0x0000000091600000| Complete 
| 267|0x0000000091700000, 0x0000000091800000, 0x0000000091800000|100%| E|CS|TAMS 0x0000000091700000, 0x0000000091700000| Complete 

Card table byte_map: [0x000000001ae60000,0x000000001b260000] _byte_map_base: 0x000000001aa5a000

Marking Bits (Prev, Next): (CMBitMap*) 0x000000000334f030, (CMBitMap*) 0x000000000334eff8
 Prev Bits: [0x000000001d630000, 0x000000001f600000)
 Next Bits: [0x000000001b660000, 0x000000001d630000)

Polling page: 0x00000000001e0000

Metaspace:

Usage:
  Non-class:     68.30 MB capacity,    66.22 MB ( 97%) used,     1.69 MB (  2%) free+waste,   396.13 KB ( <1%) overhead. 
      Class:     10.54 MB capacity,     9.15 MB ( 87%) used,     1.21 MB ( 11%) free+waste,   180.38 KB (  2%) overhead. 
       Both:     78.84 MB capacity,    75.37 MB ( 96%) used,     2.90 MB (  4%) free+waste,   576.50 KB ( <1%) overhead. 

Virtual space:
  Non-class space:       70.00 MB reserved,      68.87 MB ( 98%) committed 
      Class space:        1.00 GB reserved,      10.86 MB (  1%) committed 
             Both:        1.07 GB reserved,      79.73 MB (  7%) committed 

Chunk freelists:
   Non-Class:  57.63 KB
       Class:  30.88 KB
        Both:  88.50 KB

CodeHeap 'non-profiled nmethods': size=120000Kb used=21218Kb max_used=22108Kb free=98782Kb
 bounds [0x00000000130e0000, 0x0000000014680000, 0x000000001a610000]
CodeHeap 'profiled nmethods': size=120000Kb used=31004Kb max_used=37390Kb free=88995Kb
 bounds [0x000000000bbb0000, 0x000000000e090000, 0x00000000130e0000]
CodeHeap 'non-nmethods': size=5760Kb used=1602Kb max_used=1657Kb free=4158Kb
 bounds [0x000000000b610000, 0x000000000b880000, 0x000000000bbb0000]
 total_blobs=33102 nmethods=16154 adapters=1066
 compilation: enabled
              stopped_count=0, restarted_count=0
 full_count=0

Compilation events (10 events):
Event: 2951.754 Thread 0x00000000230ad000 22276       1       bluej.parser.symtab.ClassInfo::getName (5 bytes)
Event: 2951.754 Thread 0x00000000230ad000 nmethod 22276 0x0000000013e7d510 code [0x0000000013e7d6c0, 0x0000000013e7d7d8]
Event: 2951.754 Thread 0x00000000230ad000 22277       1       bluej.parser.symtab.ClassInfo::setExtendsInsertSelection (6 bytes)
Event: 2951.754 Thread 0x00000000230ad000 nmethod 22277 0x0000000013e7d190 code [0x0000000013e7d340, 0x0000000013e7d498]
Event: 2951.926 Thread 0x00000000230ad000 22278       3       java.util.ServiceLoader$ModuleServicesLookupIterator::iteratorFor (191 bytes)
Event: 2951.929 Thread 0x00000000230ad000 nmethod 22278 0x000000000c5fc310 code [0x000000000c5fc900, 0x000000000c5fffe0]
Event: 2951.940 Thread 0x0000000022487000 22279       4       com.sun.tools.javac.parser.JavacParser::to (9 bytes)
Event: 2951.950 Thread 0x0000000022487000 nmethod 22279 0x0000000013ec4b90 code [0x0000000013ec4d60, 0x0000000013ec52b8]
Event: 2951.950 Thread 0x0000000022487000 22280 % !   4       com.sun.tools.javac.util.DiagnosticSource::findLine @ 90 (235 bytes)
Event: 2951.956 Thread 0x0000000022487000 nmethod 22280% 0x0000000013ec4510 code [0x0000000013ec46c0, 0x0000000013ec49d8]

GC Heap History (10 events):
Event: 2949.159 GC heap after
{Heap after GC invocations=497 (full 0):
 garbage-first heap   total 274432K, used 209408K [0x0000000080c00000, 0x0000000100000000)
  region size 1024K, 3 young (3072K), 3 survivors (3072K)
 Metaspace       used 77177K, capacity 80728K, committed 81648K, reserved 1120256K
  class space    used 9373K, capacity 10793K, committed 11124K, reserved 1048576K
}
Event: 2949.240 GC heap before
{Heap before GC invocations=497 (full 0):
 garbage-first heap   total 274432K, used 219648K [0x0000000080c00000, 0x0000000100000000)
  region size 1024K, 13 young (13312K), 3 survivors (3072K)
 Metaspace       used 77177K, capacity 80728K, committed 81648K, reserved 1120256K
  class space    used 9373K, capacity 10793K, committed 11124K, reserved 1048576K
}
Event: 2949.245 GC heap after
{Heap after GC invocations=498 (full 0):
 garbage-first heap   total 274432K, used 187254K [0x0000000080c00000, 0x0000000100000000)
  region size 1024K, 2 young (2048K), 2 survivors (2048K)
 Metaspace       used 77177K, capacity 80728K, committed 81648K, reserved 1120256K
  class space    used 9373K, capacity 10793K, committed 11124K, reserved 1048576K
}
Event: 2949.269 GC heap before
{Heap before GC invocations=498 (full 0):
 garbage-first heap   total 274432K, used 198518K [0x0000000080c00000, 0x0000000100000000)
  region size 1024K, 13 young (13312K), 2 survivors (2048K)
 Metaspace       used 77177K, capacity 80728K, committed 81648K, reserved 1120256K
  class space    used 9373K, capacity 10793K, committed 11124K, reserved 1048576K
}
Event: 2949.274 GC heap after
{Heap after GC invocations=499 (full 0):
 garbage-first heap   total 274432K, used 184129K [0x0000000080c00000, 0x0000000100000000)
  region size 1024K, 1 young (1024K), 1 survivors (1024K)
 Metaspace       used 77177K, capacity 80728K, committed 81648K, reserved 1120256K
  class space    used 9373K, capacity 10793K, committed 11124K, reserved 1048576K
}
Event: 2951.524 GC heap before
{Heap before GC invocations=499 (full 0):
 garbage-first heap   total 274432K, used 215873K [0x0000000080c00000, 0x0000000100000000)
  region size 1024K, 33 young (33792K), 1 survivors (1024K)
 Metaspace       used 77177K, capacity 80728K, committed 81648K, reserved 1120256K
  class space    used 9373K, capacity 10793K, committed 11124K, reserved 1048576K
}
Event: 2951.527 GC heap after
{Heap after GC invocations=500 (full 0):
 garbage-first heap   total 274432K, used 194765K [0x0000000080c00000, 0x0000000100000000)
  region size 1024K, 5 young (5120K), 5 survivors (5120K)
 Metaspace       used 77177K, capacity 80728K, committed 81648K, reserved 1120256K
  class space    used 9373K, capacity 10793K, committed 11124K, reserved 1048576K
}
Event: 2951.856 GC heap before
{Heap before GC invocations=501 (full 0):
 garbage-first heap   total 274432K, used 213197K [0x0000000080c00000, 0x0000000100000000)
  region size 1024K, 33 young (33792K), 5 survivors (5120K)
 Metaspace       used 77177K, capacity 80728K, committed 81648K, reserved 1120256K
  class space    used 9373K, capacity 10793K, committed 11124K, reserved 1048576K
}
Event: 2951.862 GC heap after
{Heap after GC invocations=502 (full 0):
 garbage-first heap   total 274432K, used 193850K [0x0000000080c00000, 0x0000000100000000)
  region size 1024K, 5 young (5120K), 5 survivors (5120K)
 Metaspace       used 77177K, capacity 80728K, committed 81648K, reserved 1120256K
  class space    used 9373K, capacity 10793K, committed 11124K, reserved 1048576K
}
Event: 2952.352 GC heap before
{Heap before GC invocations=502 (full 0):
 garbage-first heap   total 274432K, used 201018K [0x0000000080c00000, 0x0000000100000000)
  region size 1024K, 13 young (13312K), 5 survivors (5120K)
 Metaspace       used 77182K, capacity 80728K, committed 81648K, reserved 1120256K
  class space    used 9373K, capacity 10793K, committed 11124K, reserved 1048576K
}

Deoptimization events (10 events):
Event: 2737.434 Thread 0x0000000024e50000 Uncommon trap: reason=profile_predicate action=maybe_recompile pc=0x0000000013883fd8 method=org.fxmisc.richtext.model.StyleSpansBuilder.addAll(Ljava/lang/Iterable;)Lorg/fxmisc/richtext/model/StyleSpansBuilder; @ 17 c2
Event: 2768.306 Thread 0x0000000024e50000 Uncommon trap: reason=profile_predicate action=maybe_recompile pc=0x0000000013883fd8 method=org.fxmisc.richtext.model.StyleSpansBuilder.addAll(Ljava/lang/Iterable;)Lorg/fxmisc/richtext/model/StyleSpansBuilder; @ 17 c2
Event: 2768.306 Thread 0x0000000024e50000 Uncommon trap: reason=profile_predicate action=maybe_recompile pc=0x0000000013883fd8 method=org.fxmisc.richtext.model.StyleSpansBuilder.addAll(Ljava/lang/Iterable;)Lorg/fxmisc/richtext/model/StyleSpansBuilder; @ 17 c2
Event: 2768.307 Thread 0x0000000024e50000 Uncommon trap: reason=profile_predicate action=maybe_recompile pc=0x0000000013883ff4 method=org.fxmisc.richtext.model.StyleSpansBuilder.addAll(Ljava/lang/Iterable;)Lorg/fxmisc/richtext/model/StyleSpansBuilder; @ 17 c2
Event: 2812.616 Thread 0x0000000024e50000 Uncommon trap: reason=unstable_if action=reinterpret pc=0x0000000013751dfc method=bluej.parser.JavaParser.parseExpression()V @ 1446 c2
Event: 2871.773 Thread 0x000000002ab43800 Uncommon trap: reason=unstable_if action=reinterpret pc=0x0000000014528248 method=com.sun.tools.javac.jvm.ClassWriter.writeCode(Lcom/sun/tools/javac/jvm/Code;)V @ 329 c2
Event: 2928.368 Thread 0x0000000024e50000 Uncommon trap: reason=bimorphic_or_optimized_type_check action=maybe_recompile pc=0x00000000135df53c method=bluej.editor.moe.MoeSyntaxDocument.removeStyleThroughout(Ljava/lang/String;)V @ 78 c2
Event: 2928.485 Thread 0x000000002ab43800 Uncommon trap: reason=unstable_if action=reinterpret pc=0x000000001464e3fc method=com.sun.tools.javac.parser.JavacParser.blockStatement()Lcom/sun/tools/javac/util/List; @ 22 c2
Event: 2928.489 Thread 0x000000002ab43800 Uncommon trap: reason=unstable_if action=reinterpret pc=0x0000000013485dc0 method=com.sun.tools.javac.parser.JavacParser.blockStatements()Lcom/sun/tools/javac/util/List; @ 35 c2
Event: 2951.839 Thread 0x0000000024e50000 Uncommon trap: reason=bimorphic_or_optimized_type_check action=maybe_recompile pc=0x00000000135df53c method=bluej.editor.moe.MoeSyntaxDocument.removeStyleThroughout(Ljava/lang/String;)V @ 78 c2

Classes redefined (0 events):
No events

Internal exceptions (10 events):
Event: 2951.919 Thread 0x000000002ab43800 Exception <a 'sun/nio/fs/WindowsException'{0x00000000917f49f8}> (0x00000000917f49f8) thrown at [t:/workspace/open/src/hotspot/share/prims/jni.cpp, line 615]
Event: 2951.922 Thread 0x000000002ab43800 Exception <a 'sun/nio/fs/WindowsException'{0x000000009164f5c8}> (0x000000009164f5c8) thrown at [t:/workspace/open/src/hotspot/share/prims/jni.cpp, line 615]
Event: 2951.923 Thread 0x000000002ab43800 Exception <a 'sun/nio/fs/WindowsException'{0x000000009164f7f0}> (0x000000009164f7f0) thrown at [t:/workspace/open/src/hotspot/share/prims/jni.cpp, line 615]
Event: 2951.931 Thread 0x000000002ab43800 Exception <a 'java/security/PrivilegedActionException'{0x00000000916683e0}> (0x00000000916683e0) thrown at [t:/workspace/open/src/hotspot/share/prims/jvm.cpp, line 1307]
Event: 2951.931 Thread 0x000000002ab43800 Exception <a 'java/security/PrivilegedActionException'{0x0000000091668958}> (0x0000000091668958) thrown at [t:/workspace/open/src/hotspot/share/prims/jvm.cpp, line 1307]
Event: 2951.946 Thread 0x000000002ab43800 Exception <a 'sun/nio/fs/WindowsException'{0x00000000914bbbd8}> (0x00000000914bbbd8) thrown at [t:/workspace/open/src/hotspot/share/prims/jni.cpp, line 615]
Event: 2951.946 Thread 0x000000002ab43800 Exception <a 'sun/nio/fs/WindowsException'{0x00000000914bbf88}> (0x00000000914bbf88) thrown at [t:/workspace/open/src/hotspot/share/prims/jni.cpp, line 615]
Event: 2951.948 Thread 0x000000002ab43800 Exception <a 'sun/nio/fs/WindowsException'{0x00000000914bd430}> (0x00000000914bd430) thrown at [t:/workspace/open/src/hotspot/share/prims/jni.cpp, line 615]
Event: 2951.949 Thread 0x000000002ab43800 Exception <a 'sun/nio/fs/WindowsException'{0x00000000914bdd90}> (0x00000000914bdd90) thrown at [t:/workspace/open/src/hotspot/share/prims/jni.cpp, line 615]
Event: 2951.949 Thread 0x000000002ab43800 Exception <a 'sun/nio/fs/WindowsException'{0x00000000914be0a0}> (0x00000000914be0a0) thrown at [t:/workspace/open/src/hotspot/share/prims/jni.cpp, line 615]

Events (10 events):
Event: 2951.806 loading class java/util/SimplePicture
Event: 2951.806 loading class java/util/SimplePicture done
Event: 2951.807 loading class java/lang/SimplePicture
Event: 2951.807 loading class java/lang/SimplePicture done
Event: 2951.839 Thread 0x0000000024e50000 Uncommon trap: trap_request=0xffffffc6 fr.pc=0x00000000135df53c relative=0x000000000000149c
Event: 2951.839 Thread 0x0000000024e50000 DEOPT PACKING pc=0x00000000135df53c sp=0x000000002620cea0
Event: 2951.839 Thread 0x0000000024e50000 DEOPT UNPACKING pc=0x000000000b638eaf sp=0x000000002620ce88 mode 2
Event: 2951.856 Executing VM operation: G1CollectForAllocation
Event: 2951.862 Executing VM operation: G1CollectForAllocation done
Event: 2952.352 Executing VM operation: G1CollectForAllocation


Dynamic libraries:
0x0000000000400000 - 0x00000000004d2000 	C:\Program Files\BlueJ\BlueJ.exe
0x00007ffb109f0000 - 0x00007ffb10bdd000 	C:\WINDOWS\SYSTEM32\ntdll.dll
0x00007ffb10760000 - 0x00007ffb10813000 	C:\WINDOWS\System32\KERNEL32.DLL
0x00007ffb104c0000 - 0x00007ffb10753000 	C:\WINDOWS\System32\KERNELBASE.dll
0x00007ffb0dfd0000 - 0x00007ffb0e06e000 	C:\WINDOWS\System32\msvcrt.dll
0x00007ffb0e080000 - 0x00007ffb0f574000 	C:\WINDOWS\System32\SHELL32.dll
0x00007ffb0d8c0000 - 0x00007ffb0d90a000 	C:\WINDOWS\System32\cfgmgr32.dll
0x00007ffb0d910000 - 0x00007ffb0da0a000 	C:\WINDOWS\System32\ucrtbase.dll
0x00007ffb103d0000 - 0x00007ffb10478000 	C:\WINDOWS\System32\shcore.dll
0x00007ffb0ff70000 - 0x00007ffb10092000 	C:\WINDOWS\System32\RPCRT4.dll
0x00007ffb100a0000 - 0x00007ffb103cc000 	C:\WINDOWS\System32\combase.dll
0x00007ffb0d600000 - 0x00007ffb0d67e000 	C:\WINDOWS\System32\bcryptPrimitives.dll
0x00007ffb0ccd0000 - 0x00007ffb0d41d000 	C:\WINDOWS\System32\windows.storage.dll
0x00007ffb0d820000 - 0x00007ffb0d8c0000 	C:\WINDOWS\System32\msvcp_win.dll
0x00007ffb0f920000 - 0x00007ffb0f9be000 	C:\WINDOWS\System32\sechost.dll
0x00007ffb0dcb0000 - 0x00007ffb0dd53000 	C:\WINDOWS\System32\advapi32.dll
0x00007ffb0cb20000 - 0x00007ffb0cb44000 	C:\WINDOWS\System32\profapi.dll
0x00007ffb0cac0000 - 0x00007ffb0cb1d000 	C:\WINDOWS\System32\powrprof.dll
0x00007ffb0dd60000 - 0x00007ffb0ddb2000 	C:\WINDOWS\System32\shlwapi.dll
0x00007ffb0f580000 - 0x00007ffb0f5a9000 	C:\WINDOWS\System32\GDI32.dll
0x00007ffb0d680000 - 0x00007ffb0d819000 	C:\WINDOWS\System32\gdi32full.dll
0x00007ffb10820000 - 0x00007ffb109b7000 	C:\WINDOWS\System32\USER32.dll
0x00007ffb0ccb0000 - 0x00007ffb0ccd0000 	C:\WINDOWS\System32\win32u.dll
0x00007ffb0ca80000 - 0x00007ffb0ca91000 	C:\WINDOWS\System32\kernel.appcore.dll
0x00007ffb0cc90000 - 0x00007ffb0cca7000 	C:\WINDOWS\System32\cryptsp.dll
0x00007ffb058f0000 - 0x00007ffb058fa000 	C:\WINDOWS\SYSTEM32\VERSION.dll
0x00007ffb0f8f0000 - 0x00007ffb0f91e000 	C:\WINDOWS\System32\IMM32.DLL
0x00007ffaa5d60000 - 0x00007ffaa6883000 	C:\Program Files\BlueJ\jdk\bin\server\jvm.dll
0x00007ffb0dc80000 - 0x00007ffb0dc88000 	C:\WINDOWS\System32\PSAPI.DLL
0x00007ffafb980000 - 0x00007ffafb989000 	C:\WINDOWS\SYSTEM32\WSOCK32.dll
0x00007ffb08da0000 - 0x00007ffb08dc4000 	C:\WINDOWS\SYSTEM32\WINMM.dll
0x00007ffb08d10000 - 0x00007ffb08d26000 	C:\Program Files\BlueJ\jdk\bin\VCRUNTIME140.dll
0x00007ffb0da10000 - 0x00007ffb0da7d000 	C:\WINDOWS\System32\WS2_32.dll
0x00007ffb08d70000 - 0x00007ffb08d9d000 	C:\WINDOWS\SYSTEM32\winmmbase.dll
0x00007ffb08cf0000 - 0x00007ffb08d01000 	C:\Program Files\BlueJ\jdk\bin\verify.dll
0x00007ffb0c5c0000 - 0x00007ffb0c7ad000 	C:\WINDOWS\SYSTEM32\DBGHELP.DLL
0x00007ffb0c4d0000 - 0x00007ffb0c4fa000 	C:\WINDOWS\SYSTEM32\dbgcore.DLL
0x00007ffaf6bd0000 - 0x00007ffaf6bf8000 	C:\Program Files\BlueJ\jdk\bin\java.dll
0x00007ffb08bf0000 - 0x00007ffb08c06000 	C:\Program Files\BlueJ\jdk\bin\zip.dll
0x00007ffaff7c0000 - 0x00007ffaff7ca000 	C:\Program Files\BlueJ\jdk\bin\jimage.dll
0x00007ffaf6510000 - 0x00007ffaf6529000 	C:\Program Files\BlueJ\jdk\bin\net.dll
0x00007ffaffd10000 - 0x00007ffaffee7000 	C:\WINDOWS\SYSTEM32\urlmon.dll
0x00007ffb07630000 - 0x00007ffb07722000 	C:\WINDOWS\SYSTEM32\WINHTTP.dll
0x00007ffafc620000 - 0x00007ffafc8c8000 	C:\WINDOWS\SYSTEM32\iertutil.dll
0x00007ffb0c0e0000 - 0x00007ffb0c0ec000 	C:\WINDOWS\SYSTEM32\CRYPTBASE.DLL
0x00007ffb0bf10000 - 0x00007ffb0bf77000 	C:\WINDOWS\system32\mswsock.dll
0x00007ffaf55c0000 - 0x00007ffaf55d3000 	C:\Program Files\BlueJ\jdk\bin\nio.dll
0x0000000180000000 - 0x0000000180003000 	C:\Program Files\BlueJ\lib\javafx\bin\api-ms-win-core-console-l1-1-0.dll
0x00000000032b0000 - 0x00000000032b3000 	C:\Program Files\BlueJ\lib\javafx\bin\api-ms-win-core-datetime-l1-1-0.dll
0x00000000032c0000 - 0x00000000032c3000 	C:\Program Files\BlueJ\lib\javafx\bin\api-ms-win-core-debug-l1-1-0.dll
0x0000000025590000 - 0x0000000025593000 	C:\Program Files\BlueJ\lib\javafx\bin\api-ms-win-core-errorhandling-l1-1-0.dll
0x00000000255a0000 - 0x00000000255a4000 	C:\Program Files\BlueJ\lib\javafx\bin\api-ms-win-core-file-l1-1-0.dll
0x00000000255b0000 - 0x00000000255b3000 	C:\Program Files\BlueJ\lib\javafx\bin\api-ms-win-core-file-l1-2-0.dll
0x00000000255c0000 - 0x00000000255c3000 	C:\Program Files\BlueJ\lib\javafx\bin\api-ms-win-core-file-l2-1-0.dll
0x00000000255d0000 - 0x00000000255d3000 	C:\Program Files\BlueJ\lib\javafx\bin\api-ms-win-core-handle-l1-1-0.dll
0x00000000255e0000 - 0x00000000255e3000 	C:\Program Files\BlueJ\lib\javafx\bin\api-ms-win-core-heap-l1-1-0.dll
0x00000000255f0000 - 0x00000000255f3000 	C:\Program Files\BlueJ\lib\javafx\bin\api-ms-win-core-interlocked-l1-1-0.dll
0x0000000025600000 - 0x0000000025603000 	C:\Program Files\BlueJ\lib\javafx\bin\api-ms-win-core-libraryloader-l1-1-0.dll
0x0000000025610000 - 0x0000000025613000 	C:\Program Files\BlueJ\lib\javafx\bin\api-ms-win-core-localization-l1-2-0.dll
0x0000000025620000 - 0x0000000025623000 	C:\Program Files\BlueJ\lib\javafx\bin\api-ms-win-core-memory-l1-1-0.dll
0x0000000025630000 - 0x0000000025633000 	C:\Program Files\BlueJ\lib\javafx\bin\api-ms-win-core-namedpipe-l1-1-0.dll
0x0000000025640000 - 0x0000000025643000 	C:\Program Files\BlueJ\lib\javafx\bin\api-ms-win-core-processenvironment-l1-1-0.dll
0x0000000025650000 - 0x0000000025653000 	C:\Program Files\BlueJ\lib\javafx\bin\api-ms-win-core-processthreads-l1-1-0.dll
0x0000000025660000 - 0x0000000025663000 	C:\Program Files\BlueJ\lib\javafx\bin\api-ms-win-core-processthreads-l1-1-1.dll
0x0000000025670000 - 0x0000000025673000 	C:\Program Files\BlueJ\lib\javafx\bin\api-ms-win-core-profile-l1-1-0.dll
0x0000000025680000 - 0x0000000025683000 	C:\Program Files\BlueJ\lib\javafx\bin\api-ms-win-core-rtlsupport-l1-1-0.dll
0x0000000025690000 - 0x0000000025693000 	C:\Program Files\BlueJ\lib\javafx\bin\api-ms-win-core-string-l1-1-0.dll
0x00000000256a0000 - 0x00000000256a3000 	C:\Program Files\BlueJ\lib\javafx\bin\api-ms-win-core-synch-l1-1-0.dll
0x00000000256b0000 - 0x00000000256b3000 	C:\Program Files\BlueJ\lib\javafx\bin\api-ms-win-core-synch-l1-2-0.dll
0x00000000256c0000 - 0x00000000256c3000 	C:\Program Files\BlueJ\lib\javafx\bin\api-ms-win-core-sysinfo-l1-1-0.dll
0x00000000256d0000 - 0x00000000256d3000 	C:\Program Files\BlueJ\lib\javafx\bin\api-ms-win-core-timezone-l1-1-0.dll
0x00000000256e0000 - 0x00000000256e3000 	C:\Program Files\BlueJ\lib\javafx\bin\api-ms-win-core-util-l1-1-0.dll
0x00000000256f0000 - 0x00000000256f3000 	C:\Program Files\BlueJ\lib\javafx\bin\api-ms-win-crt-conio-l1-1-0.dll
0x0000000025700000 - 0x0000000025704000 	C:\Program Files\BlueJ\lib\javafx\bin\api-ms-win-crt-convert-l1-1-0.dll
0x0000000025710000 - 0x0000000025713000 	C:\Program Files\BlueJ\lib\javafx\bin\api-ms-win-crt-environment-l1-1-0.dll
0x0000000025720000 - 0x0000000025723000 	C:\Program Files\BlueJ\lib\javafx\bin\api-ms-win-crt-filesystem-l1-1-0.dll
0x0000000025730000 - 0x0000000025733000 	C:\Program Files\BlueJ\lib\javafx\bin\api-ms-win-crt-heap-l1-1-0.dll
0x0000000025740000 - 0x0000000025743000 	C:\Program Files\BlueJ\lib\javafx\bin\api-ms-win-crt-locale-l1-1-0.dll
0x0000000025750000 - 0x0000000025755000 	C:\Program Files\BlueJ\lib\javafx\bin\api-ms-win-crt-math-l1-1-0.dll
0x0000000025760000 - 0x0000000025765000 	C:\Program Files\BlueJ\lib\javafx\bin\api-ms-win-crt-multibyte-l1-1-0.dll
0x0000000025770000 - 0x0000000025780000 	C:\Program Files\BlueJ\lib\javafx\bin\api-ms-win-crt-private-l1-1-0.dll
0x0000000025780000 - 0x0000000025783000 	C:\Program Files\BlueJ\lib\javafx\bin\api-ms-win-crt-process-l1-1-0.dll
0x0000000025790000 - 0x0000000025794000 	C:\Program Files\BlueJ\lib\javafx\bin\api-ms-win-crt-runtime-l1-1-0.dll
0x00000000257a0000 - 0x00000000257a4000 	C:\Program Files\BlueJ\lib\javafx\bin\api-ms-win-crt-stdio-l1-1-0.dll
0x00000000257b0000 - 0x00000000257b4000 	C:\Program Files\BlueJ\lib\javafx\bin\api-ms-win-crt-string-l1-1-0.dll
0x00000000257c0000 - 0x00000000257c3000 	C:\Program Files\BlueJ\lib\javafx\bin\api-ms-win-crt-time-l1-1-0.dll
0x00000000257d0000 - 0x00000000257d3000 	C:\Program Files\BlueJ\lib\javafx\bin\api-ms-win-crt-utility-l1-1-0.dll
0x00007ffad3a20000 - 0x00007ffad3b1a000 	C:\Program Files\BlueJ\lib\javafx\bin\ucrtbase.dll
0x00007ffaf4b90000 - 0x00007ffaf4ba6000 	C:\Program Files\BlueJ\lib\javafx\bin\vcruntime140.dll
0x00007ffae0650000 - 0x00007ffae06f6000 	C:\Program Files\BlueJ\lib\javafx\bin\msvcp140.dll
0x00007ffad3ed0000 - 0x00007ffad3f21000 	C:\Program Files\BlueJ\lib\javafx\bin\concrt140.dll
0x00007ffaf4270000 - 0x00007ffaf4293000 	C:\Program Files\BlueJ\lib\javafx\bin\prism_d3d.dll
0x00007ffb044a0000 - 0x00007ffb0463e000 	C:\WINDOWS\system32\d3d9.dll
0x00007ffb0a8d0000 - 0x00007ffb0a8fe000 	C:\WINDOWS\SYSTEM32\dwmapi.dll
0x00007ffb0d420000 - 0x00007ffb0d5fb000 	C:\WINDOWS\System32\CRYPT32.dll
0x00007ffb0caa0000 - 0x00007ffb0cab2000 	C:\WINDOWS\System32\MSASN1.dll
0x00007ffb0a5f0000 - 0x00007ffb0a68c000 	C:\WINDOWS\system32\uxtheme.dll
0x00007ffb05910000 - 0x00007ffb059fb000 	C:\WINDOWS\System32\DriverStore\FileRepository\nv_ref_pubwu.inf_amd64_708ec8f9a4d134c6\nvldumdx.dll
0x00007ffb0ba90000 - 0x00007ffb0bac3000 	C:\WINDOWS\system32\rsaenh.dll
0x00007ffb0cb50000 - 0x00007ffb0cb76000 	C:\WINDOWS\System32\bcrypt.dll
0x00007ffabdb40000 - 0x00007ffabed4d000 	C:\WINDOWS\System32\DriverStore\FileRepository\nv_ref_pubwu.inf_amd64_708ec8f9a4d134c6\nvd3dumx.dll
0x00007ffad39d0000 - 0x00007ffad3a15000 	C:\Program Files\BlueJ\lib\javafx\bin\glass.dll
0x00007ffb0db50000 - 0x00007ffb0dc77000 	C:\WINDOWS\System32\COMDLG32.dll
0x00007ffb0f780000 - 0x00007ffb0f8d5000 	C:\WINDOWS\System32\ole32.dll
0x00007ffb0da80000 - 0x00007ffb0db44000 	C:\WINDOWS\System32\OLEAUT32.dll
0x00007ffb020c0000 - 0x00007ffb02169000 	C:\WINDOWS\WinSxS\amd64_microsoft.windows.common-controls_6595b64144ccf1df_5.82.17763.864_none_10e4f916642dbda1\COMCTL32.dll
0x00007ffb0f610000 - 0x00007ffb0f77c000 	C:\WINDOWS\System32\MSCTF.dll
0x00007ffb01f60000 - 0x00007ffb0204c000 	C:\Program Files (x86)\NVIDIA Corporation\3D Vision\nvSCPAPI64.dll
0x00007ffb0faf0000 - 0x00007ffb0ff66000 	C:\WINDOWS\System32\SETUPAPI.dll
0x00007ffadfe60000 - 0x00007ffae0121000 	C:\WINDOWS\system32\nvspcap64.dll
0x00007ffb0c500000 - 0x00007ffb0c531000 	C:\WINDOWS\SYSTEM32\ntmarta.dll
0x00007ffab2b00000 - 0x00007ffab2c9e000 	C:\Program Files\BlueJ\jdk\bin\awt.dll
0x00007ffb09740000 - 0x00007ffb09cfe000 	C:\WINDOWS\SYSTEM32\d2d1.dll
0x00007ffb0a440000 - 0x00007ffb0a4cc000 	C:\WINDOWS\SYSTEM32\apphelp.dll
0x00007ffaf4b70000 - 0x00007ffaf4b84000 	C:\Program Files\BlueJ\lib\javafx\bin\javafx_font.dll
0x00007ffafa3f0000 - 0x00007ffafa6ec000 	C:\WINDOWS\SYSTEM32\dwrite.dll
0x00007ffb0f9c0000 - 0x00007ffb0fa62000 	C:\WINDOWS\System32\clbcatq.dll
0x00007ffb00980000 - 0x00007ffb00bf9000 	C:\WINDOWS\WinSxS\amd64_microsoft.windows.common-controls_6595b64144ccf1df_6.0.17763.864_none_05b3441807210760\comctl32.dll
0x00007ffb06c70000 - 0x00007ffb06e28000 	C:\WINDOWS\SYSTEM32\WindowsCodecs.dll
0x00007ffaf5ce0000 - 0x00007ffaf5d36000 	C:\WINDOWS\system32\dataexchange.dll
0x00007ffb09430000 - 0x00007ffb096ae000 	C:\WINDOWS\system32\d3d11.dll
0x00007ffb09d00000 - 0x00007ffb09ec3000 	C:\WINDOWS\system32\dcomp.dll
0x00007ffb0b3b0000 - 0x00007ffb0b472000 	C:\WINDOWS\system32\dxgi.dll
0x00007ffb0a6c0000 - 0x00007ffb0a8cd000 	C:\WINDOWS\system32\twinapi.appcore.dll
0x00007ffb0a900000 - 0x00007ffb0a928000 	C:\WINDOWS\system32\RMCLIENT.dll
0x00007ffaf38c0000 - 0x00007ffaf38f3000 	C:\Program Files\Common Files\Microsoft Shared\Ink\rtscom.dll
0x00007ffaff400000 - 0x00007ffaff495000 	C:\WINDOWS\System32\TextInputFramework.dll
0x00007ffb070f0000 - 0x00007ffb07412000 	C:\WINDOWS\System32\CoreUIComponents.dll

dbghelp: loaded successfully - version: 4.0.5 - missing functions: none
symbol engine: initialized successfully - sym options: 0x614 - pdb path: .;C:\Program Files\BlueJ;C:\WINDOWS\SYSTEM32;C:\Program Files\BlueJ\jdk\bin\server;C:\Program Files\BlueJ\jdk\bin;C:\Program Files\BlueJ\lib\javafx\bin;C:\WINDOWS\System32\DriverStore\FileRepository\nv_ref_pubwu.inf_amd64_708ec8f9a4d134c6;C:\WINDOWS\WinSxS\amd64_microsoft.windows.common-controls_6595b64144ccf1df_5.82.17763.864_none_10e4f916642dbda1;C:\Program Files (x86)\NVIDIA Corporation\3D Vision;C:\WINDOWS\WinSxS\amd64_microsoft.windows.common-controls_6595b64144ccf1df_6.0.17763.864_none_05b3441807210760;C:\Program Files\Common Files\Microsoft Shared\Ink;C:\Program Files (x86)\Common Files\Adobe\CoreSyncExtension;C:\Program Files (x86)\Google\Drive;C:\WINDOWS\WinSxS\amd64_microsoft.vc90.crt_1fc8b3b9a1e18e3b_9.0.30729.9518_none_08e07c8fa840efbe;C:\Users\eettlin1\AppData\Local\Microsoft\OneDrive\19.174.0902.0013\amd64;C:\PROGRA~1\MICROS~2\Office15;C:\PROGRA~1\MICROS~2\Office15\1033

VM Arguments:
jvm_args: -Djavafx.embed.singleThread=true 
java_command: <unknown>
java_class_path (initial): C:\Program Files\BlueJ\lib\bluej.jar;C:\Program Files\BlueJ\lib\javafx\lib\javafx.base.jar;C:\Program Files\BlueJ\lib\javafx\lib\javafx.controls.jar;C:\Program Files\BlueJ\lib\javafx\lib\javafx.fxml.jar;C:\Program Files\BlueJ\lib\javafx\lib\javafx.graphics.jar;C:\Program Files\BlueJ\lib\javafx\lib\javafx.media.jar;C:\Program Files\BlueJ\lib\javafx\lib\javafx.properties.jar;C:\Program Files\BlueJ\lib\javafx\lib\javafx.swing.jar;C:\Program Files\BlueJ\lib\javafx\lib\javafx.web.jar
Launcher Type: generic

[Global flags]
     intx CICompilerCount                          = 4                                         {product} {ergonomic}
     uint ConcGCThreads                            = 2                                         {product} {ergonomic}
     uint G1ConcRefinementThreads                  = 8                                         {product} {ergonomic}
   size_t G1HeapRegionSize                         = 1048576                                   {product} {ergonomic}
    uintx GCDrainStackTargetSize                   = 64                                        {product} {ergonomic}
   size_t InitialHeapSize                          = 134217728                                 {product} {ergonomic}
   size_t MarkStackSize                            = 4194304                                   {product} {ergonomic}
   size_t MaxHeapSize                              = 2134900736                                {product} {ergonomic}
   size_t MaxNewSize                               = 1280311296                                {product} {ergonomic}
   size_t MinHeapDeltaBytes                        = 1048576                                   {product} {ergonomic}
    uintx NonNMethodCodeHeapSize                   = 5835340                                {pd product} {ergonomic}
    uintx NonProfiledCodeHeapSize                  = 122911450                              {pd product} {ergonomic}
    uintx ProfiledCodeHeapSize                     = 122911450                              {pd product} {ergonomic}
    uintx ReservedCodeCacheSize                    = 251658240                              {pd product} {ergonomic}
     bool SegmentedCodeCache                       = true                                      {product} {ergonomic}
     bool UseCompressedClassPointers               = true                                 {lp64_product} {ergonomic}
     bool UseCompressedOops                        = true                                 {lp64_product} {ergonomic}
     bool UseG1GC                                  = true                                      {product} {ergonomic}
     bool UseLargePagesIndividualAllocation        = false                                  {pd product} {ergonomic}

Logging:
Log output configuration:
 #0: stdout all=warning uptime,level,tags
 #1: stderr all=off uptime,level,tags

Environment Variables:
PATH=C:\Python36\;C:\Python36\DLLs\;C:\Python36\Scripts\;C:\Python36\Tools\;C:\Python36\Tools\ninja\;C:\Program Files (x86)\Common Files\Oracle\Java\javapath;C:\WINDOWS\system32;C:\WINDOWS;C:\WINDOWS\System32\Wbem;C:\WINDOWS\System32\WindowsPowerShell\v1.0\;C:\Program Files (x86)\QuickTime\QTSystem\;C:\WINDOWS\System32\OpenSSH\;C:\Program Files\nodejs\;C:\Program Files\Git\cmd;C:\Program Files\NVIDIA Corporation\NVIDIA NvDLISR;C:\__Ettlin2019_20\GitHubBatFiles;C:\Users\eettlin1\AppData\Local\Programs\Python\Python37-32\Scripts\;C:\Users\eettlin1\AppData\Local\Programs\Python\Python37-32\;C:\Users\eettlin1\AppData\Local\Microsoft\WindowsApps;C:\Users\eettlin1\AppData\Local\GitHubDesktop\bin;C:\Program Files;C:\Users\eettlin1\AppData\Local\atom\bin
USERNAME=eettlin1
OS=Windows_NT
PROCESSOR_IDENTIFIER=Intel64 Family 6 Model 58 Stepping 9, GenuineIntel



---------------  S Y S T E M  ---------------

OS: Windows 10 , 64 bit Build 17763 (10.0.17763.475)

CPU:total 8 (initial active 8) (4 cores per cpu, 2 threads per core) family 6 model 58 stepping 9, cmov, cx8, fxsr, mmx, sse, sse2, sse3, ssse3, sse4.1, sse4.2, popcnt, avx, aes, clmul, erms, ht, tsc, tscinvbit, tscinv

Memory: 4k page, system-wide physical 8136M (3002M free)
TotalPageFile size 9672M (AvailPageFile size 1951M)
current process WorkingSet (physical memory assigned to process): 624M, peak: 632M
current process commit charge ("private bytes"): 740M, peak: 784M

vm_info: OpenJDK 64-Bit Server VM (11.0.2+9) for windows-amd64 JRE (11.0.2+9), built on Jan 18 2019 05:23:22 by "mach5one" with MS VC++ 15.5 (VS2017)

END.
